#
# A fatal error has been detected by the Java Runtime Environment:
#
#  EXCEPTION_ACCESS_VIOLATION (0xc0000005) at pc=0x0000000050dba760, pid=73736, tid=0x00000000000121e0
#
# JRE version: OpenJDK Runtime Environment (8.0_212-b04) (build 1.8.0_212-release-1586-b04)
# Java VM: OpenJDK 64-Bit Server VM (25.212-b04 mixed mode windows-amd64 compressed oops)
# Problematic frame:
# V  [jvm.dll+0x46a760]
#
# Failed to write core dump. Minidumps are not enabled by default on client versions of Windows
#
# If you would like to submit a bug report, please visit:
#   
#

---------------  T H R E A D  ---------------

Current thread (0x0000000016633800):  JavaThread "C2 CompilerThread1" daemon [_thread_in_native, id=74208, stack(0x0000000018360000,0x0000000018560000)]

siginfo: ExceptionCode=0xc0000005, reading address 0xffffffffffffffff

Registers:
RAX=0x0011a2e80b8d4800, RBX=0x000000002b027410, RCX=0x000000000000001e, RDX=0x000000000000001e
RSP=0x000000001855c7c0, RBP=0x0000000000001e13, RSI=0x000000001855c8c0, RDI=0x0000000000001e13
R8 =0x000000000000001f, R9 =0x0000000000000f85, R10=0x0000000050950000, R11=0x000000001855c6b0
R12=0x000000005111a650, R13=0x0000000050950000, R14=0x000000001953fd78, R15=0x00000000000003d8
RIP=0x0000000050dba760, EFLAGS=0x0000000000010206

Top of Stack: (sp=0x000000001855c7c0)
0x000000001855c7c0:   000000002afcaad0 000000002afcaad0
0x000000001855c7d0:   0000000000001e13 000000001855c8c0
0x000000001855c7e0:   00000f870000001f 0000000000000005
0x000000001855c7f0:   00000000224560e0 0000000000000010
0x000000001855c800:   000000002192fe98 0000000000000037
0x000000001855c810:   000000002b0b8c30 000000001855cbb0
0x000000001855c820:   000000001953f9a0 000000001855cbb0
0x000000001855c830:   000000001953f990 0000000050d86de1
0x000000001855c840:   0000000000000000 000000001855c940
0x000000001855c850:   0000000000000000 0000000000000008
0x000000001855c860:   0000000000000006 000000001953f990
0x000000001855c870:   000000002b72fd20 000000002b7329d0
0x000000001855c880:   000000002b737d08 0000000000dfc390
0x000000001855c890:   0000000000000006 0000000019bbe780
0x000000001855c8a0:   0000000019bbe780 0000000019bbe790
0x000000001855c8b0:   0000000019bbeb68 00000000000003d8 

Instructions: (pc=0x0000000050dba760)
0x0000000050dba740:   c0 74 68 8b c0 48 8d 1c 80 48 c1 e3 05 48 03 5e
0x0000000050dba750:   10 85 ff 74 93 48 8b 43 08 48 8b cd 48 c1 e9 08
0x0000000050dba760:   4c 8b 0c c8 4d 3b cc 75 0d 8b d7 48 8b cb e8 ad
0x0000000050dba770:   4a 00 00 4c 8b c8 8b d7 8b cf 41 b8 01 00 00 00 


Register to memory mapping:

RAX=0x0011a2e80b8d4800 is an unknown value
RBX=0x000000002b027410 is an unknown value
RCX=0x000000000000001e is an unknown value
RDX=0x000000000000001e is an unknown value
RSP=0x000000001855c7c0 is pointing into the stack for thread: 0x0000000016633800
RBP=0x0000000000001e13 is an unknown value
RSI=0x000000001855c8c0 is pointing into the stack for thread: 0x0000000016633800
RDI=0x0000000000001e13 is an unknown value
R8 =0x000000000000001f is an unknown value
R9 =0x0000000000000f85 is an unknown value
R10=0x0000000050950000 is an unknown value
R11=0x000000001855c6b0 is pointing into the stack for thread: 0x0000000016633800
R12=0x000000005111a650 is an unknown value
R13=0x0000000050950000 is an unknown value
R14=0x000000001953fd78 is an unknown value
R15=0x00000000000003d8 is an unknown value


Stack: [0x0000000018360000,0x0000000018560000],  sp=0x000000001855c7c0,  free space=2033k
Native frames: (J=compiled Java code, j=interpreted, Vv=VM code, C=native code)
V  [jvm.dll+0x46a760]
