#
# A fatal error has been detected by the Java Runtime Environment:
#
#  EXCEPTION_ACCESS_VIOLATION (0xc0000005) at pc=0x0000000002aa7810, pid=91628, tid=0x000000000001668c
#
# JRE version: OpenJDK Runtime Environment (8.0_212-b04) (build 1.8.0_212-release-1586-b04)
# Java VM: OpenJDK 64-Bit Server VM (25.212-b04 mixed mode windows-amd64 compressed oops)
# Problematic frame:
# 
[error occurred during error reporting (printing problematic frame), id 0xc0000005]

# Failed to write core dump. Minidumps are not enabled by default on client versions of Windows
#
# If you would like to submit a bug report, please visit:
#   
#

---------------  T H R E A D  ---------------

Current thread (0x000000001a6a1000):  JavaThread "WorkerExecutor Queue Thread 3" [_thread_in_Java, id=91788, stack(0x000000002e020000,0x000000002e220000)]

siginfo: ExceptionCode=0xc0000005, reading address 0xffffffffffffffff

Registers:
RAX=0xff42d05d894c0010, RBX=0x88a91d8d4cd9894c, RCX=0x000000002dabb3e0, RDX=0xffffffffffffc004
RSP=0x000000002e21e9f8, RBP=0x000000002e21e2e8, RSI=0x0000000000000001, RDI=0x00000000e5c72d68
R8 =0x000000002e21dfa8, R9 =0x000000002e21e070, R10=0x00000000593aa470, R11=0x0000000003f97660
R12=0x0000000000000000, R13=0x000000002dabbdc4, R14=0x000000002e21e2f8, R15=0x000000001a6a1000
RIP=0x0000000002aa7810, EFLAGS=0x0000000000010282

Top of Stack: (sp=0x000000002e21e9f8)
0x000000002e21e9f8:   00000000e4c9e218 00000000e4c9df00
0x000000002e21ea08:   0000000000000000 00000000e4c99040
0x000000002e21ea18:   00000000e4c955d8 00000000e4c1e470
0x000000002e21ea28:   00000000a01e39a0 00000000a01cabf8
0x000000002e21ea38:   00000000e4b5aa00 000000002e21ea40
0x000000002e21ea48:   0000000026b1b89c 000000002e21eaa8
0x000000002e21ea58:   0000000026b1bd40 0000000000000000
0x000000002e21ea68:   0000000026b1b8d8 000000002e21ea20
0x000000002e21ea78:   000000002e21ea90 000000002e21eaf0
0x000000002e21ea88:   0000000002a8809d 00000000e4c1e470
0x000000002e21ea98:   00000000a01e39a0 00000000a01cabf8
0x000000002e21eaa8:   00000000e4b5aa00 000000002e21eab0
0x000000002e21eab8:   000000002da33124 000000002e21eb08
0x000000002e21eac8:   000000002da34000 0000000000000000
0x000000002e21ead8:   000000002da33180 000000002e21ea90
0x000000002e21eae8:   000000002e21eb08 000000002e21eb50 

Instructions: (pc=0x0000000002aa7810)
0x0000000002aa77f0:   fd ff 4c 8b 6d c8 4c 8b 75 d0 c3 59 5a 48 8b 41
0x0000000002aa7800:   18 0f 84 42 00 00 00 48 8b 59 10 48 85 db 74 20
0x0000000002aa7810:   8b 83 e0 00 00 00 83 c0 08 89 83 e0 00 00 00 81
0x0000000002aa7820:   e0 f8 1f 00 00 0f 84 31 01 00 00 e9 19 00 00 00 


Register to memory mapping:

RAX=0xff42d05d894c0010 is an unknown value
RBX=0x88a91d8d4cd9894c is an unknown value
RCX=0x000000002dabb3e0 is pointing into metadata
RDX=0xffffffffffffc004 is an unknown value
RSP=0x000000002e21e9f8 is pointing into the stack for thread: 0x000000001a6a1000
RBP=0x000000002e21e2e8 is pointing into the stack for thread: 0x000000001a6a1000
RSI=0x0000000000000001 is an unknown value
RDI=0x00000000e5c72d68 is an oop
java.lang.Object 
 - klass: 'java/lang/Object'
R8 =0x000000002e21dfa8 is pointing into the stack for thread: 0x000000001a6a1000
R9 =0x000000002e21e070 is pointing into the stack for thread: 0x000000001a6a1000
R10=0x00000000593aa470 is an unknown value
R11=0x0000000003f97660 is at entry_point+32 in (nmethod*)0x0000000003f974d0
R12=0x0000000000000000 is an unknown value
R13=0x000000002dabbdc4 is pointing into metadata
R14=0x000000002e21e2f8 is pointing into the stack for thread: 0x000000001a6a1000
R15=0x000000001a6a1000 is a thread


Stack: [0x000000002e020000,0x000000002e220000],  sp=0x000000002e21e9f8,  free space=2042k
Native frames: (J=compiled Java code, j=interpreted, Vv=VM code, C=native code)
C  0x0000000002aa7810


---------------  P R O C E S S  ---------------

Java Threads: ( => current thread )
  0x000000001b45a800 JavaThread "WorkerExecutor Queue Thread 5" [_thread_blocked, id=91436, stack(0x000000002e420000,0x000000002e620000)]
  0x000000001b45c000 JavaThread "WorkerExecutor Queue Thread 4" [_thread_in_Java, id=91736, stack(0x000000002e220000,0x000000002e420000)]
=>0x000000001a6a1000 JavaThread "WorkerExecutor Queue Thread 3" [_thread_in_Java, id=91788, stack(0x000000002e020000,0x000000002e220000)]
  0x0000000021161000 JavaThread "WorkerExecutor Queue Thread 2" [_thread_in_vm, id=87060, stack(0x000000002de20000,0x000000002e020000)]
  0x000000002115f800 JavaThread "WorkerExecutor Queue" [_thread_blocked, id=91588, stack(0x000000002dc20000,0x000000002de20000)]
  0x000000002115e800 JavaThread "Cache worker for execution history cache (F:\Projects\AndroidStudioProjects\EcommerceApp\.gradle\5.6.4\executionHistory)" [_thread_blocked, id=91168, stack(0x0000000026b70000,0x0000000026d70000)]
  0x0000000021161800 JavaThread "Execution worker for ':' Thread 3" [_thread_blocked, id=90824, stack(0x0000000026750000,0x0000000026950000)]
  0x0000000021160000 JavaThread "Execution worker for ':' Thread 2" [_thread_blocked, id=85916, stack(0x0000000026550000,0x0000000026750000)]
  0x0000000021164000 JavaThread "Execution worker for ':'" [_thread_blocked, id=85376, stack(0x0000000026350000,0x0000000026550000)]
  0x000000002115b800 JavaThread "Cache worker for file content cache (F:\Projects\AndroidStudioProjects\EcommerceApp\.gradle\5.6.4\fileContent)" [_thread_blocked, id=91624, stack(0x0000000025b40000,0x0000000025d40000)]
  0x000000002115a000 JavaThread "Cache worker for file content cache (C:\Users\Mu7ammed_A4raf\.gradle\caches\5.6.4\fileContent)" [_thread_blocked, id=86440, stack(0x0000000025940000,0x0000000025b40000)]
  0x000000002115e000 JavaThread "Memory manager" [_thread_blocked, id=92036, stack(0x0000000025740000,0x0000000025940000)]
  0x000000002115c800 JavaThread "Cache worker for Build Output Cleanup Cache (F:\Projects\AndroidStudioProjects\EcommerceApp\.gradle\buildOutputCleanup)" [_thread_blocked, id=91184, stack(0x0000000024b40000,0x0000000024d40000)]
  0x0000000021156800 JavaThread "pool-1-thread-1" [_thread_blocked, id=91568, stack(0x0000000024740000,0x0000000024940000)]
  0x0000000021159800 JavaThread "Build operations Thread 4" [_thread_blocked, id=91492, stack(0x0000000023eb0000,0x00000000240b0000)]
  0x000000002115d000 JavaThread "Build operations Thread 3" [_thread_blocked, id=90836, stack(0x0000000023cb0000,0x0000000023eb0000)]
  0x000000002115b000 JavaThread "Build operations Thread 2" [_thread_blocked, id=87128, stack(0x0000000023760000,0x0000000023960000)]
  0x0000000021155000 JavaThread "Build operations" [_thread_blocked, id=87696, stack(0x0000000023560000,0x0000000023760000)]
  0x0000000021155800 JavaThread "Cache worker for execution history cache (C:\Users\Mu7ammed_A4raf\.gradle\caches\5.6.4\executionHistory)" [_thread_blocked, id=89128, stack(0x0000000023ab0000,0x0000000023cb0000)]
  0x0000000021158000 JavaThread "Cache worker for cache directory md-rule (C:\Users\Mu7ammed_A4raf\.gradle\caches\5.6.4\md-rule)" [_thread_blocked, id=88516, stack(0x0000000022f80000,0x0000000023180000)]
  0x000000001a69f800 JavaThread "Cache worker for cache directory md-supplier (C:\Users\Mu7ammed_A4raf\.gradle\caches\5.6.4\md-supplier)" [_thread_blocked, id=91048, stack(0x0000000022d80000,0x0000000022f80000)]
  0x000000001a69b800 JavaThread "Cache worker for file hash cache (F:\Projects\AndroidStudioProjects\EcommerceApp\.gradle\5.6.4\fileHashes)" [_thread_blocked, id=78388, stack(0x000000001fe70000,0x0000000020070000)]
  0x000000001a6a2800 JavaThread "Cache worker for journal cache (C:\Users\Mu7ammed_A4raf\.gradle\caches\journal-1)" [_thread_blocked, id=85848, stack(0x000000001dad0000,0x000000001dcd0000)]
  0x000000001a69e000 JavaThread "File lock request listener" [_thread_in_native, id=91200, stack(0x000000001d7d0000,0x000000001d9d0000)]
  0x000000001a6a1800 JavaThread "Cache worker for file hash cache (C:\Users\Mu7ammed_A4raf\.gradle\caches\5.6.4\fileHashes)" [_thread_blocked, id=87096, stack(0x000000001d5d0000,0x000000001d7d0000)]
  0x000000001ab7b800 JavaThread "Thread-9" [_thread_blocked, id=69900, stack(0x000000001d1d0000,0x000000001d3d0000)]
  0x000000001accc800 JavaThread "Stdin handler" [_thread_blocked, id=91896, stack(0x000000001cfd0000,0x000000001d1d0000)]
  0x000000001acac000 JavaThread "Asynchronous log dispatcher for DefaultDaemonConnection: socket connection from /127.0.0.1:3920 to /127.0.0.1:3921" [_thread_blocked, id=76808, stack(0x000000001cdd0000,0x000000001cfd0000)]
  0x000000001acab000 JavaThread "Daemon worker" [_thread_blocked, id=88148, stack(0x000000001cbd0000,0x000000001cdd0000)]
  0x000000001ab09800 JavaThread "Cancel handler" [_thread_blocked, id=88292, stack(0x000000001c9d0000,0x000000001cbd0000)]
  0x000000001aafd800 JavaThread "Handler for socket connection from /127.0.0.1:3920 to /127.0.0.1:3921" [_thread_in_native, id=68960, stack(0x000000001c5d0000,0x000000001c7d0000)]
  0x000000001aaf8800 JavaThread "Daemon" [_thread_blocked, id=91452, stack(0x000000001c3d0000,0x000000001c5d0000)]
  0x000000001ab52800 JavaThread "Daemon periodic checks" [_thread_blocked, id=91776, stack(0x000000001c1d0000,0x000000001c3d0000)]
  0x000000001ab3a800 JavaThread "Incoming local TCP Connector on port 3920" [_thread_in_native, id=91760, stack(0x000000001bef0000,0x000000001c0f0000)]
  0x000000001898d000 JavaThread "Daemon health stats" [_thread_blocked, id=85212, stack(0x000000001b7b0000,0x000000001b9b0000)]
  0x000000001861e800 JavaThread "Service Thread" daemon [_thread_blocked, id=91904, stack(0x0000000018c10000,0x0000000018e10000)]
  0x000000001684d800 JavaThread "C1 CompilerThread2" daemon [_thread_blocked, id=91244, stack(0x0000000018a10000,0x0000000018c10000)]
  0x00000000167f5000 JavaThread "C2 CompilerThread1" daemon [_thread_blocked, id=91256, stack(0x0000000018410000,0x0000000018610000)]
  0x00000000167f1000 JavaThread "C2 CompilerThread0" daemon [_thread_blocked, id=91232, stack(0x0000000018210000,0x0000000018410000)]
  0x00000000167ef800 JavaThread "Attach Listener" daemon [_thread_blocked, id=87372, stack(0x0000000018010000,0x0000000018210000)]
  0x00000000167ee800 JavaThread "Signal Dispatcher" daemon [_thread_blocked, id=91544, stack(0x0000000017e10000,0x0000000018010000)]
  0x0000000000d35800 JavaThread "Finalizer" daemon [_thread_blocked, id=91304, stack(0x0000000017b30000,0x0000000017d30000)]
  0x00000000167d9000 JavaThread "Reference Handler" daemon [_thread_blocked, id=91864, stack(0x0000000017930000,0x0000000017b30000)]
  0x0000000000d8e800 JavaThread "main" [_thread_blocked, id=91508, stack(0x0000000002880000,0x0000000002a80000)]

Other Threads:
  0x00000000167b7000 VMThread [stack: 0x0000000017730000,0x0000000017930000] [id=88288]
  0x0000000018620000 WatcherThread [stack: 0x0000000018e10000,0x0000000019010000] [id=91260]

VM state:not at safepoint (normal execution)

VM Mutex/Monitor currently owned by a thread: None

heap address: 0x00000000a0000000, size: 1536 MB, Compressed Oops mode: 32-bit
Narrow klass base: 0x0000000000000000, Narrow klass shift: 3
Compressed class space size: 1073741824 Address: 0x0000000100000000

Heap:
 PSYoungGen      total 134144K, used 117151K [0x00000000e0000000, 0x00000000ea680000, 0x0000000100000000)
  eden space 112640K, 84% used [0x00000000e0000000,0x00000000e5d6dcb8,0x00000000e6e00000)
  from space 21504K, 99% used [0x00000000e8800000,0x00000000e9cfa0b0,0x00000000e9d00000)
  to   space 26624K, 0% used [0x00000000e6e00000,0x00000000e6e00000,0x00000000e8800000)
 ParOldGen       total 152576K, used 41885K [0x00000000a0000000, 0x00000000a9500000, 0x00000000e0000000)
  object space 152576K, 27% used [0x00000000a0000000,0x00000000a28e7530,0x00000000a9500000)
 Metaspace       used 65498K, capacity 67826K, committed 67928K, reserved 1107968K
  class space    used 8972K, capacity 9499K, committed 9560K, reserved 1048576K

Card table byte_map: [0x0000000011e40000,0x0000000012150000] byte_map_base: 0x0000000011940000

Marking Bits: (ParMarkBitMap*) 0x00000000593b9f30
 Begin Bits: [0x0000000012b50000, 0x0000000014350000)
 End Bits:   [0x0000000014350000, 0x0000000015b50000)

Polling page: 0x00000000003d0000

CodeCache: size=245760Kb used=24668Kb max_used=24831Kb free=221091Kb
 bounds [0x0000000002a80000, 0x00000000042f0000, 0x0000000011a80000]
 total_blobs=8467 nmethods=7643 adapters=737
 compilation: enabled

Compilation events (10 events):
Event: 56.548 Thread 0x000000001684d800 8953       3       sun.misc.Cleaner::create (19 bytes)
Event: 56.548 Thread 0x000000001684d800 nmethod 8953 0x00000000030f5290 code [0x00000000030f5420, 0x00000000030f5ab0]
Event: 56.576 Thread 0x000000001684d800 8955       3       java.nio.file.FileTreeIterator::fetchNextIfNeeded (65 bytes)
Event: 56.576 Thread 0x000000001684d800 nmethod 8955 0x00000000039f6ad0 code [0x00000000039f6c80, 0x00000000039f7128]
Event: 56.576 Thread 0x000000001684d800 8954       3       java.nio.file.FileTreeWalker::isOpen (13 bytes)
Event: 56.577 Thread 0x000000001684d800 nmethod 8954 0x0000000003ff6d10 code [0x0000000003ff6e60, 0x0000000003ff7010]
Event: 56.654 Thread 0x000000001684d800 8956       3       java.nio.channels.Channels::newInputStream (15 bytes)
Event: 56.654 Thread 0x000000001684d800 nmethod 8956 0x00000000037a1750 code [0x00000000037a18e0, 0x00000000037a1be8]
Event: 56.682 Thread 0x000000001684d800 8957       3       java.util.zip.ZipFile::access$100 (6 bytes)
Event: 56.682 Thread 0x000000001684d800 nmethod 8957 0x00000000035027d0 code [0x0000000003502940, 0x0000000003502aa8]

GC Heap History (10 events):
Event: 21.988 GC heap before
{Heap before GC invocations=17 (full 2):
 PSYoungGen      total 107520K, used 82471K [0x00000000e0000000, 0x00000000e8300000, 0x0000000100000000)
  eden space 93696K, 73% used [0x00000000e0000000,0x00000000e430ab38,0x00000000e5b80000)
  from space 13824K, 99% used [0x00000000e6c00000,0x00000000e797f320,0x00000000e7980000)
  to   space 16896K, 0% used [0x00000000e5b80000,0x00000000e5b80000,0x00000000e6c00000)
 ParOldGen       total 98816K, used 21985K [0x00000000a0000000, 0x00000000a6080000, 0x00000000e0000000)
  object space 98816K, 22% used [0x00000000a0000000,0x00000000a1578648,0x00000000a6080000)
 Metaspace       used 57191K, capacity 59002K, committed 59096K, reserved 1099776K
  class space    used 7848K, capacity 8343K, committed 8408K, reserved 1048576K
Event: 22.016 GC heap after
Heap after GC invocations=17 (full 2):
 PSYoungGen      total 110592K, used 16869K [0x00000000e0000000, 0x00000000e9800000, 0x0000000100000000)
  eden space 93696K, 0% used [0x00000000e0000000,0x00000000e0000000,0x00000000e5b80000)
  from space 16896K, 99% used [0x00000000e5b80000,0x00000000e6bf97b0,0x00000000e6c00000)
  to   space 20480K, 0% used [0x00000000e8400000,0x00000000e8400000,0x00000000e9800000)
 ParOldGen       total 98816K, used 25520K [0x00000000a0000000, 0x00000000a6080000, 0x00000000e0000000)
  object space 98816K, 25% used [0x00000000a0000000,0x00000000a18ec058,0x00000000a6080000)
 Metaspace       used 57191K, capacity 59002K, committed 59096K, reserved 1099776K
  class space    used 7848K, capacity 8343K, committed 8408K, reserved 1048576K
}
Event: 22.016 GC heap before
{Heap before GC invocations=18 (full 3):
 PSYoungGen      total 110592K, used 16869K [0x00000000e0000000, 0x00000000e9800000, 0x0000000100000000)
  eden space 93696K, 0% used [0x00000000e0000000,0x00000000e0000000,0x00000000e5b80000)
  from space 16896K, 99% used [0x00000000e5b80000,0x00000000e6bf97b0,0x00000000e6c00000)
  to   space 20480K, 0% used [0x00000000e8400000,0x00000000e8400000,0x00000000e9800000)
 ParOldGen       total 98816K, used 25520K [0x00000000a0000000, 0x00000000a6080000, 0x00000000e0000000)
  object space 98816K, 25% used [0x00000000a0000000,0x00000000a18ec058,0x00000000a6080000)
 Metaspace       used 57191K, capacity 59002K, committed 59096K, reserved 1099776K
  class space    used 7848K, capacity 8343K, committed 8408K, reserved 1048576K
Event: 22.424 GC heap after
Heap after GC invocations=18 (full 3):
 PSYoungGen      total 110592K, used 0K [0x00000000e0000000, 0x00000000e9800000, 0x0000000100000000)
  eden space 93696K, 0% used [0x00000000e0000000,0x00000000e0000000,0x00000000e5b80000)
  from space 16896K, 0% used [0x00000000e5b80000,0x00000000e5b80000,0x00000000e6c00000)
  to   space 20480K, 0% used [0x00000000e8400000,0x00000000e8400000,0x00000000e9800000)
 ParOldGen       total 152576K, used 36679K [0x00000000a0000000, 0x00000000a9500000, 0x00000000e0000000)
  object space 152576K, 24% used [0x00000000a0000000,0x00000000a23d1e20,0x00000000a9500000)
 Metaspace       used 57191K, capacity 59002K, committed 59096K, reserved 1099776K
  class space    used 7848K, capacity 8343K, committed 8408K, reserved 1048576K
}
Event: 37.151 GC heap before
{Heap before GC invocations=19 (full 3):
 PSYoungGen      total 110592K, used 93696K [0x00000000e0000000, 0x00000000e9800000, 0x0000000100000000)
  eden space 93696K, 100% used [0x00000000e0000000,0x00000000e5b80000,0x00000000e5b80000)
  from space 16896K, 0% used [0x00000000e5b80000,0x00000000e5b80000,0x00000000e6c00000)
  to   space 20480K, 0% used [0x00000000e8400000,0x00000000e8400000,0x00000000e9800000)
 ParOldGen       total 152576K, used 36679K [0x00000000a0000000, 0x00000000a9500000, 0x00000000e0000000)
  object space 152576K, 24% used [0x00000000a0000000,0x00000000a23d1e20,0x00000000a9500000)
 Metaspace       used 59178K, capacity 61308K, committed 61400K, reserved 1101824K
  class space    used 8114K, capacity 8624K, committed 8664K, reserved 1048576K
Event: 37.168 GC heap after
Heap after GC invocations=19 (full 3):
 PSYoungGen      total 119808K, used 10592K [0x00000000e0000000, 0x00000000e8f80000, 0x0000000100000000)
  eden space 108032K, 0% used [0x00000000e0000000,0x00000000e0000000,0x00000000e6980000)
  from space 11776K, 89% used [0x00000000e8400000,0x00000000e8e58020,0x00000000e8f80000)
  to   space 19456K, 0% used [0x00000000e6980000,0x00000000e6980000,0x00000000e7c80000)
 ParOldGen       total 152576K, used 36687K [0x00000000a0000000, 0x00000000a9500000, 0x00000000e0000000)
  object space 152576K, 24% used [0x00000000a0000000,0x00000000a23d3e20,0x00000000a9500000)
 Metaspace       used 59178K, capacity 61308K, committed 61400K, reserved 1101824K
  class space    used 8114K, capacity 8624K, committed 8664K, reserved 1048576K
}
Event: 46.296 GC heap before
{Heap before GC invocations=20 (full 3):
 PSYoungGen      total 119808K, used 118624K [0x00000000e0000000, 0x00000000e8f80000, 0x0000000100000000)
  eden space 108032K, 100% used [0x00000000e0000000,0x00000000e6980000,0x00000000e6980000)
  from space 11776K, 89% used [0x00000000e8400000,0x00000000e8e58020,0x00000000e8f80000)
  to   space 19456K, 0% used [0x00000000e6980000,0x00000000e6980000,0x00000000e7c80000)
 ParOldGen       total 152576K, used 36687K [0x00000000a0000000, 0x00000000a9500000, 0x00000000e0000000)
  object space 152576K, 24% used [0x00000000a0000000,0x00000000a23d3e20,0x00000000a9500000)
 Metaspace       used 60079K, capacity 62152K, committed 62296K, reserved 1103872K
  class space    used 8224K, capacity 8698K, committed 8792K, reserved 1048576K
Event: 46.318 GC heap after
Heap after GC invocations=20 (full 3):
 PSYoungGen      total 127488K, used 17760K [0x00000000e0000000, 0x00000000e9d00000, 0x0000000100000000)
  eden space 108032K, 0% used [0x00000000e0000000,0x00000000e0000000,0x00000000e6980000)
  from space 19456K, 91% used [0x00000000e6980000,0x00000000e7ad82b0,0x00000000e7c80000)
  to   space 21504K, 0% used [0x00000000e8800000,0x00000000e8800000,0x00000000e9d00000)
 ParOldGen       total 152576K, used 36695K [0x00000000a0000000, 0x00000000a9500000, 0x00000000e0000000)
  object space 152576K, 24% used [0x00000000a0000000,0x00000000a23d5e20,0x00000000a9500000)
 Metaspace       used 60079K, capacity 62152K, committed 62296K, reserved 1103872K
  class space    used 8224K, capacity 8698K, committed 8792K, reserved 1048576K
}
Event: 51.189 GC heap before
{Heap before GC invocations=21 (full 3):
 PSYoungGen      total 127488K, used 125792K [0x00000000e0000000, 0x00000000e9d00000, 0x0000000100000000)
  eden space 108032K, 100% used [0x00000000e0000000,0x00000000e6980000,0x00000000e6980000)
  from space 19456K, 91% used [0x00000000e6980000,0x00000000e7ad82b0,0x00000000e7c80000)
  to   space 21504K, 0% used [0x00000000e8800000,0x00000000e8800000,0x00000000e9d00000)
 ParOldGen       total 152576K, used 36695K [0x00000000a0000000, 0x00000000a9500000, 0x00000000e0000000)
  object space 152576K, 24% used [0x00000000a0000000,0x00000000a23d5e20,0x00000000a9500000)
 Metaspace       used 63869K, capacity 66016K, committed 66136K, reserved 1105920K
  class space    used 8738K, capacity 9254K, committed 9304K, reserved 1048576K
Event: 51.220 GC heap after
Heap after GC invocations=21 (full 3):
 PSYoungGen      total 134144K, used 21480K [0x00000000e0000000, 0x00000000ea680000, 0x0000000100000000)
  eden space 112640K, 0% used [0x00000000e0000000,0x00000000e0000000,0x00000000e6e00000)
  from space 21504K, 99% used [0x00000000e8800000,0x00000000e9cfa0b0,0x00000000e9d00000)
  to   space 26624K, 0% used [0x00000000e6e00000,0x00000000e6e00000,0x00000000e8800000)
 ParOldGen       total 152576K, used 41885K [0x00000000a0000000, 0x00000000a9500000, 0x00000000e0000000)
  object space 152576K, 27% used [0x00000000a0000000,0x00000000a28e7530,0x00000000a9500000)
 Metaspace       used 63869K, capacity 66016K, committed 66136K, reserved 1105920K
  class space    used 8738K, capacity 9254K, committed 9304K, reserved 1048576K
}

Deoptimization events (10 events):
Event: 55.934 Thread 0x000000001a6a1000 Uncommon trap: reason=unstable_if action=reinterpret pc=0x00000000042c0740 method=sun.nio.fs.Util.followLinks([Ljava/nio/file/LinkOption;)Z @ 13
Event: 55.934 Thread 0x0000000021161000 Uncommon trap: reason=bimorphic action=maybe_recompile pc=0x0000000003ff8c80 method=java.util.function.Predicate.lambda$and$0(Ljava/util/function/Predicate;Ljava/lang/Object;)Z @ 2
Event: 55.934 Thread 0x0000000021161000 Uncommon trap: reason=bimorphic action=maybe_recompile pc=0x0000000003ff8c80 method=java.util.function.Predicate.lambda$and$0(Ljava/util/function/Predicate;Ljava/lang/Object;)Z @ 2
Event: 55.935 Thread 0x000000002115f800 Uncommon trap: reason=bimorphic action=maybe_recompile pc=0x0000000003ff8c80 method=java.util.function.Predicate.lambda$and$0(Ljava/util/function/Predicate;Ljava/lang/Object;)Z @ 2
Event: 55.937 Thread 0x000000001a6a1000 Uncommon trap: reason=unstable_if action=reinterpret pc=0x0000000004021a6c method=sun.nio.fs.WindowsPathParser.isSlash(C)Z @ 9
Event: 55.937 Thread 0x000000001b45c000 Uncommon trap: reason=unstable_if action=reinterpret pc=0x0000000002c459b8 method=sun.nio.fs.WindowsPathParser.isSlash(C)Z @ 9
Event: 55.937 Thread 0x000000001a6a1000 Uncommon trap: reason=unstable_if action=reinterpret pc=0x0000000003eb9198 method=sun.nio.fs.WindowsPathParser.isSlash(C)Z @ 9
Event: 55.937 Thread 0x000000001b45c000 Uncommon trap: reason=unstable_if action=reinterpret pc=0x0000000003e81a4c method=sun.nio.fs.WindowsPathParser.isSlash(C)Z @ 9
Event: 56.005 Thread 0x000000002115f800 Uncommon trap: reason=unstable_if action=reinterpret pc=0x0000000002e85270 method=java.util.concurrent.ConcurrentHashMap.putVal(Ljava/lang/Object;Ljava/lang/Object;Z)Ljava/lang/Object; @ 98
Event: 56.006 Thread 0x000000001a6a1000 Uncommon trap: reason=unstable_if action=reinterpret pc=0x0000000004033dcc method=java.nio.file.FileTreeWalker.getAttributes(Ljava/nio/file/Path;Z)Ljava/nio/file/attribute/BasicFileAttributes; @ 35

Classes redefined (0 events):
No events

Internal exceptions (10 events):
Event: 19.356 Thread 0x000000001acab000 Exception <a 'java/lang/ClassNotFoundException': com/sun/org/glassfish/hk2/osgiresourcelocator/ServiceLoader> (0x00000000e0b2b610) thrown at [D:\src\AOSP-openjdk-cygwin\jdk8u\hotspot\src\share\vm\classfile\systemDictionary.cpp, line 210]
Event: 19.548 Thread 0x000000001acab000 Exception <a 'java/lang/NullPointerException'> (0x00000000e10036f8) thrown at [D:\src\AOSP-openjdk-cygwin\jdk8u\hotspot\src\share\vm\interpreter\linkResolver.cpp, line 1287]
Event: 41.147 Thread 0x0000000021161800 Implicit null exception at 0x0000000003ebbd72 to 0x0000000003ebc3f1
Event: 48.293 Thread 0x000000002115b000 Implicit null exception at 0x000000000425c8d8 to 0x000000000425ccf4
Event: 48.293 Thread 0x000000002115b000 Implicit null exception at 0x000000000400d5a3 to 0x000000000400d92c
Event: 51.182 Thread 0x0000000021160000 Exception <a 'java/lang/NoSuchMethodError': <clinit>> (0x00000000e67bc618) thrown at [D:\src\AOSP-openjdk-cygwin\jdk8u\hotspot\src\share\vm\prims\jni.cpp, line 1614]
Event: 51.182 Thread 0x0000000021160000 Exception <a 'java/lang/NoSuchMethodError': <clinit>> (0x00000000e67bd938) thrown at [D:\src\AOSP-openjdk-cygwin\jdk8u\hotspot\src\share\vm\prims\jni.cpp, line 1614]
Event: 55.838 Thread 0x000000001acab000 Exception <a 'java/lang/NoSuchMethodError': <clinit>> (0x00000000e4a38d80) thrown at [D:\src\AOSP-openjdk-cygwin\jdk8u\hotspot\src\share\vm\prims\jni.cpp, line 1614]
Event: 55.850 Thread 0x000000001acab000 Exception <a 'java/lang/NoSuchMethodError': <clinit>> (0x00000000e4a5afb0) thrown at [D:\src\AOSP-openjdk-cygwin\jdk8u\hotspot\src\share\vm\prims\jni.cpp, line 1614]
Event: 55.933 Thread 0x000000001b45c000 Exception <a 'java/lang/NoSuchMethodError': java.lang.Object.lambda$static$0(Ljava/lang/String;)Z> (0x00000000e4c734b8) thrown at [D:\src\AOSP-openjdk-cygwin\jdk8u\hotspot\src\share\vm\interpreter\linkResolver.cpp, line 620]

Events (10 events):
Event: 56.684 loading class com/android/tools/r8/graph/C
Event: 56.684 loading class com/android/tools/r8/graph/C done
Event: 56.721 loading class com/android/tools/r8/graph/M
Event: 56.721 loading class com/android/tools/r8/graph/M done
Event: 56.743 loading class com/android/tools/r8/graph/a0
Event: 56.743 loading class com/android/tools/r8/graph/a0 done
Event: 56.745 loading class java/io/UTFDataFormatException
Event: 56.745 loading class java/io/UTFDataFormatException done
Event: 56.745 loading class com/android/tools/r8/utils/E0
Event: 56.745 loading class com/android/tools/r8/utils/E0 done


Dynamic libraries:
0x0000000140000000 - 0x00000001402b9000 	C:\Program Files\Android\Android Studio\jre\bin\java.exe
0x00007ffb92f20000 - 0x00007ffb930e2000 	C:\Windows\SYSTEM32\ntdll.dll
0x00007ffb91f60000 - 0x00007ffb9200d000 	C:\Windows\system32\KERNEL32.DLL
0x00007ffb90360000 - 0x00007ffb9053d000 	C:\Windows\system32\KERNELBASE.dll
0x00007ffb92800000 - 0x00007ffb928a6000 	C:\Windows\system32\ADVAPI32.dll
0x00007ffb92cb0000 - 0x00007ffb92d4d000 	C:\Windows\system32\msvcrt.dll
0x00007ffb928b0000 - 0x00007ffb9290b000 	C:\Windows\system32\sechost.dll
0x00007ffb926d0000 - 0x00007ffb927f6000 	C:\Windows\system32\RPCRT4.dll
0x00007ffb92a00000 - 0x00007ffb92b4e000 	C:\Windows\system32\USER32.dll
0x00007ffb92500000 - 0x00007ffb92685000 	C:\Windows\system32\GDI32.dll
0x00007ffb871d0000 - 0x00007ffb87444000 	C:\Windows\WinSxS\amd64_microsoft.windows.common-controls_6595b64144ccf1df_6.0.10240.16384_none_f41f7b285750ef43\COMCTL32.dll
0x00007ffb92690000 - 0x00007ffb926c6000 	C:\Windows\system32\IMM32.DLL
0x00007ffb92010000 - 0x00007ffb9216c000 	C:\Windows\system32\MSCTF.dll
0x0000000056a20000 - 0x0000000056af2000 	C:\Program Files\Android\Android Studio\jre\jre\bin\msvcr100.dll
0x0000000058bf0000 - 0x0000000059436000 	C:\Program Files\Android\Android Studio\jre\jre\bin\server\jvm.dll
0x00007ffb92bb0000 - 0x00007ffb92bb8000 	C:\Windows\system32\PSAPI.DLL
0x00007ffb819b0000 - 0x00007ffb819b9000 	C:\Windows\SYSTEM32\WSOCK32.dll
0x00007ffb851f0000 - 0x00007ffb85213000 	C:\Windows\SYSTEM32\WINMM.dll
0x00007ffb92490000 - 0x00007ffb924f9000 	C:\Windows\system32\WS2_32.dll
0x00007ffb91ef0000 - 0x00007ffb91ef8000 	C:\Windows\system32\NSI.dll
0x00007ffb85a10000 - 0x00007ffb85a1a000 	C:\Windows\SYSTEM32\VERSION.dll
0x00007ffb851c0000 - 0x00007ffb851ec000 	C:\Windows\SYSTEM32\WINMMBASE.dll
0x00007ffb90540000 - 0x00007ffb90584000 	C:\Windows\system32\cfgmgr32.dll
0x00007ffb8e2c0000 - 0x00007ffb8e2e7000 	C:\Windows\SYSTEM32\DEVOBJ.dll
0x00007ffb85cd0000 - 0x00007ffb85cdf000 	C:\Program Files\Android\Android Studio\jre\jre\bin\verify.dll
0x00007ffb85ca0000 - 0x00007ffb85cc9000 	C:\Program Files\Android\Android Studio\jre\jre\bin\java.dll
0x00007ffb83d80000 - 0x00007ffb83d96000 	C:\Program Files\Android\Android Studio\jre\jre\bin\zip.dll
0x00007ffb905f0000 - 0x00007ffb91b15000 	C:\Windows\system32\SHELL32.dll
0x00007ffb8f9f0000 - 0x00007ffb90018000 	C:\Windows\system32\windows.storage.dll
0x00007ffb91c70000 - 0x00007ffb91eec000 	C:\Windows\system32\combase.dll
0x00007ffb91f00000 - 0x00007ffb91f51000 	C:\Windows\system32\shlwapi.dll
0x00007ffb8f9e0000 - 0x00007ffb8f9ef000 	C:\Windows\system32\kernel.appcore.dll
0x00007ffb900d0000 - 0x00007ffb90183000 	C:\Windows\system32\shcore.dll
0x00007ffb8f970000 - 0x00007ffb8f9ba000 	C:\Windows\system32\powrprof.dll
0x00007ffb8f9c0000 - 0x00007ffb8f9d3000 	C:\Windows\system32\profapi.dll
0x00007ffb80650000 - 0x00007ffb8066a000 	C:\Program Files\Android\Android Studio\jre\jre\bin\net.dll
0x00007ffb85640000 - 0x00007ffb857d7000 	C:\Windows\SYSTEM32\urlmon.dll
0x00007ffb86d50000 - 0x00007ffb870c6000 	C:\Windows\SYSTEM32\iertutil.dll
0x00007ffb8f390000 - 0x00007ffb8f39b000 	C:\Windows\SYSTEM32\CRYPTBASE.dll
0x00007ffb8f7a0000 - 0x00007ffb8f80b000 	C:\Windows\SYSTEM32\bcryptPrimitives.dll
0x00007ffb8f1c0000 - 0x00007ffb8f21d000 	C:\Windows\system32\mswsock.dll
0x00007ffb80630000 - 0x00007ffb80643000 	C:\Program Files\Android\Android Studio\jre\jre\bin\nio.dll
0x00007ffb88740000 - 0x00007ffb88766000 	C:\Users\Mu7ammed_A4raf\.gradle\native\30\windows-amd64\native-platform.dll
0x00007ffb85c90000 - 0x00007ffb85c9d000 	C:\Program Files\Android\Android Studio\jre\jre\bin\management.dll
0x00007ffb8f220000 - 0x00007ffb8f237000 	C:\Windows\SYSTEM32\CRYPTSP.dll
0x00007ffb8f490000 - 0x00007ffb8f4b8000 	C:\Windows\SYSTEM32\bcrypt.dll
0x00007ffb8ee70000 - 0x00007ffb8eea3000 	C:\Windows\system32\rsaenh.dll
0x00007ffb8ef60000 - 0x00007ffb8ef7f000 	C:\Windows\SYSTEM32\USERENV.dll
0x00007ffb8d4e0000 - 0x00007ffb8d518000 	C:\Windows\SYSTEM32\IPHLPAPI.DLL
0x00007ffb8d4d0000 - 0x00007ffb8d4db000 	C:\Windows\SYSTEM32\WINNSI.DLL
0x00007ffb8a9e0000 - 0x00007ffb8a9f6000 	C:\Windows\SYSTEM32\dhcpcsvc6.DLL
0x00007ffb8a9c0000 - 0x00007ffb8a9da000 	C:\Windows\SYSTEM32\dhcpcsvc.DLL
0x00007ffb90190000 - 0x00007ffb90351000 	C:\Windows\system32\crypt32.dll
0x00007ffb8f950000 - 0x00007ffb8f961000 	C:\Windows\system32\MSASN1.dll
0x00007ffb923d0000 - 0x00007ffb9248e000 	C:\Windows\system32\oleaut32.dll
0x00007ffb91b20000 - 0x00007ffb91c61000 	C:\Windows\system32\ole32.dll
0x0000000180000000 - 0x0000000180003000 	C:\Windows\SYSTEM32\sfc.dll
0x00007ffb820f0000 - 0x00007ffb82101000 	C:\Windows\SYSTEM32\sfc_os.DLL
0x00007ffb807c0000 - 0x00007ffb807c9000 	C:\Windows\SYSTEM32\pstorec.dll
0x00007ffb8f5a0000 - 0x00007ffb8f5cc000 	C:\Windows\SYSTEM32\SspiCli.dll
0x00007ffb8e1b0000 - 0x00007ffb8e246000 	C:\Windows\system32\uxtheme.dll
0x00007ffb8d050000 - 0x00007ffb8d072000 	C:\Windows\system32\dwmapi.dll
0x00007ffb838b0000 - 0x00007ffb83a3a000 	C:\Windows\SYSTEM32\dbghelp.dll

VM Arguments:
jvm_args: -Xmx1536m -Dfile.encoding=windows-1252 -Duser.country=US -Duser.language=en -Duser.variant 
java_command: org.gradle.launcher.daemon.bootstrap.GradleDaemon 5.6.4
java_class_path (initial): C:\Users\Mu7ammed_A4raf\.gradle\wrapper\dists\gradle-5.6.4-all\ankdp27end7byghfw1q2sw75f\gradle-5.6.4\lib\gradle-launcher-5.6.4.jar
Launcher Type: SUN_STANDARD

Environment Variables:
PATH=C:\oraclexe\app\oracle\product\10.2.0\server\bin;C:\ProgramData\Oracle\Java\javapath;C:\Windows\system32;C:\Windows;C:\Windows\System32\Wbem;C:\Windows\System32\WindowsPowerShell\v1.0\;C:\Program Files (x86)\AMD\ATI.ACE\Core-Static;C:\Program Files\Intel\WiFi\bin\;C:\Program Files\Common Files\Intel\WirelessCommon\;C:\Program Files (x86)\Windows Kits\8.1\Windows Performance Toolkit\;C:\Program Files\Microsoft SQL Server\110\Tools\Binn\;C:\Program Files (x86)\Common Files\lenovo\easyplussdk\bin;C:\Program Files\MATLAB\R2010a\runtime\win64;C:\Program Files\MATLAB\R2010a\bin;C:\Program Files (x86)\GtkSharp\2.12\bin;C:\Program Files\Git\cmd;C:\Users\Mu7ammed_A4raf\AppData\Local\Programs\Python\Python36-32\Scripts\;C:\Users\Mu7ammed_A4raf\AppData\Local\Programs\Python\Python36-32\;C:\Program Files\Intel\WiFi\bin\;C:\Program Files\Common Files\Intel\WirelessCommon\;C:\Program Files\Microsoft VS Code\bin
USERNAME=Mu7ammed_A4raf
OS=Windows_NT
PROCESSOR_IDENTIFIER=Intel64 Family 6 Model 61 Stepping 4, GenuineIntel



---------------  S Y S T E M  ---------------

OS: Windows 10.0 , 64 bit Build 10240 (10.0.10240.16384)

CPU:total 4 (initial active 4) (2 cores per cpu, 2 threads per core) family 6 model 61 stepping 4, cmov, cx8, fxsr, mmx, sse, sse2, sse3, ssse3, sse4.1, sse4.2, popcnt, avx, avx2, aes, clmul, erms, 3dnowpref, lzcnt, ht, tsc, tscinvbit, bmi1, bmi2, adx

Memory: 4k page, physical 8305600k(759424k free), swap 17426268k(2751996k free)

vm_info: OpenJDK 64-Bit Server VM (25.212-b04) for windows-amd64 JRE (1.8.0_212-release-1586-b04), built by "builder" with MS VC++ 10.0 (VS2010)

time: Wed Jun 24 14:40:57 2020
timezone: Egypt Standard Time
elapsed time: 56 seconds (0d 0h 0m 56s)

