#
# A fatal error has been detected by the Java Runtime Environment:
#
#  EXCEPTION_ACCESS_VIOLATION (0xc0000005) at pc=0x000000005ef9f248, pid=149732, tid=0x00000000000248a8
#
# JRE version: OpenJDK Runtime Environment (8.0_212-b04) (build 1.8.0_212-release-1586-b04)
# Java VM: OpenJDK 64-Bit Server VM (25.212-b04 mixed mode windows-amd64 compressed oops)
# Problematic frame:
# V  [jvm.dll+0x1f248]
#
# Failed to write core dump. Minidumps are not enabled by default on client versions of Windows
#
# If you would like to submit a bug report, please visit:
#   
#

---------------  T H R E A D  ---------------

Current thread (0x000000001668e800):  JavaThread "C2 CompilerThread0" daemon [_thread_in_vm, id=149672, stack(0x00000000181d0000,0x00000000183d0000)]

siginfo: ExceptionCode=0xc0000005, reading address 0xffffffffffffffff

Registers:
RAX=0x000000001668e800, RBX=0x0000000038cec230, RCX=0x0000000038cec230, RDX=0x0000000038cec230
RSP=0x00000000183ce100, RBP=0x000000001e533080, RSI=0x0000000038cec230, RDI=0x0000000000000000
R8 =0x45016d8d4d805d54, R9 =0x0000000000000001, R10=0x000000001e5332b0, R11=0x000000001952c640
R12=0x000000001668e800, R13=0x000000001e533080, R14=0x00000000183cee60, R15=0x0000000000000000
RIP=0x000000005ef9f248, EFLAGS=0x0000000000010202

Top of Stack: (sp=0x00000000183ce100)
0x00000000183ce100:   000000002dcc7330 0000000000007fd8
0x00000000183ce110:   0000000000000000 00000000166b8e00
0x00000000183ce120:   000000002de2dc10 000000005f47cb7b
0x00000000183ce130:   00000000166b8e00 000000002cd6f8a3
0x00000000183ce140:   0000000000000066 000000005ef9f5d9
0x00000000183ce150:   00000000183cee60 000000005f488b3f
0x00000000183ce160:   0000000000000001 00000000183ce320
0x00000000183ce170:   0000000032087c01 00000000183cef50
0x00000000183ce180:   0000000038cec230 000000005ef96c97
0x00000000183ce190:   00000000183ce320 00000000183ce200
0x00000000183ce1a0:   000000001952d0f0 00000000183cef50
0x00000000183ce1b0:   0000000032087ca8 000000001668e800
0x00000000183ce1c0:   000000001952d0f0 000000005ef96db9
0x00000000183ce1d0:   000000001668e800 000000001668e800
0x00000000183ce1e0:   000000001668e800 000000005f55e978
0x00000000183ce1f0:   0000000016657ca0 0000000000000100 

Instructions: (pc=0x000000005ef9f248)
0x000000005ef9f228:   00 48 8b da ff 15 66 b1 58 00 44 0f b6 05 a2 68
0x000000005ef9f238:   78 00 4c 8b e0 45 84 c0 74 39 4c 8b 03 48 8b cb
0x000000005ef9f248:   41 ff 50 08 84 c0 74 2b 83 7b 08 00 7e 25 0f b6
0x000000005ef9f258:   83 fe 00 00 00 c0 e8 03 a8 01 74 17 48 8b 03 48 


Register to memory mapping:

RAX=0x000000001668e800 is a thread
RBX=0x0000000038cec230 is pointing into metadata
RCX=0x0000000038cec230 is pointing into metadata
RDX=0x0000000038cec230 is pointing into metadata
RSP=0x00000000183ce100 is pointing into the stack for thread: 0x000000001668e800
RBP=0x000000001e533080 is an unknown value
RSI=0x0000000038cec230 is pointing into metadata
RDI=0x0000000000000000 is an unknown value
R8 =0x45016d8d4d805d54 is an unknown value
R9 =0x0000000000000001 is an unknown value
R10=0x000000001e5332b0 is an unknown value
R11=0x000000001952c640 is an unknown value
R12=0x000000001668e800 is a thread
R13=0x000000001e533080 is an unknown value
R14=0x00000000183cee60 is pointing into the stack for thread: 0x000000001668e800
R15=0x0000000000000000 is an unknown value


Stack: [0x00000000181d0000,0x00000000183d0000],  sp=0x00000000183ce100,  free space=2040k
Native frames: (J=compiled Java code, j=interpreted, Vv=VM code, C=native code)
V  [jvm.dll+0x1f248]
V  [jvm.dll+0x1f5d9]
V  [jvm.dll+0x16c97]
V  [jvm.dll+0x16db9]
V  [jvm.dll+0x443a86]
V  [jvm.dll+0x4272e2]
V  [jvm.dll+0x81fbf]
V  [jvm.dll+0x8291f]
V  [jvm.dll+0x21db3f]
V  [jvm.dll+0x26f53a]
C  [msvcr100.dll+0x21d9f]
C  [msvcr100.dll+0x21e3b]
C  [KERNEL32.DLL+0x12d92]
C  [ntdll.dll+0x9f64]


Current CompileTask:
C2:  46177 14942       4       com.android.tools.r8.u.b.T::i (30 bytes)


---------------  P R O C E S S  ---------------

Java Threads: ( => current thread )
  0x000000001e720000 JavaThread "WorkerExecutor Queue Thread 5" [_thread_blocked, id=150316, stack(0x0000000031bd0000,0x0000000031dd0000)]
  0x000000001e71e800 JavaThread "WorkerExecutor Queue Thread 4" [_thread_blocked, id=150340, stack(0x00000000319d0000,0x0000000031bd0000)]
  0x000000001e71b800 JavaThread "ForkJoinPool.commonPool-worker-3" daemon [_thread_blocked, id=150344, stack(0x00000000315d0000,0x00000000317d0000)]
  0x000000001e71f000 JavaThread "ForkJoinPool.commonPool-worker-1" daemon [_thread_blocked, id=150352, stack(0x00000000311d0000,0x00000000313d0000)]
  0x000000001f5ac800 JavaThread "Cache worker for Java compile cache (F:\Projects\AndroidStudioProjects\EcommerceApp\.gradle\5.6.4\javaCompile)" [_thread_blocked, id=150256, stack(0x000000002eda0000,0x000000002efa0000)]
  0x000000001f5ab000 JavaThread "Cache worker for Java compile cache (C:\Users\Mu7ammed_A4raf\.gradle\caches\5.6.4\javaCompile)" [_thread_blocked, id=150252, stack(0x000000002eba0000,0x000000002eda0000)]
  0x000000001f5a5800 JavaThread "stdout" [_thread_in_native, id=150148, stack(0x00000000278a0000,0x0000000027aa0000)]
  0x000000001f5a5000 JavaThread "stderr" [_thread_in_native, id=150108, stack(0x00000000276a0000,0x00000000278a0000)]
  0x000000001f59e000 JavaThread "pool-2-thread-1" [_thread_blocked, id=148016, stack(0x00000000274a0000,0x00000000276a0000)]
  0x000000001f5a1000 JavaThread "WorkerExecutor Queue Thread 2" [_thread_blocked, id=148732, stack(0x00000000272a0000,0x00000000274a0000)]
  0x000000001f5a4000 JavaThread "WorkerExecutor Queue" [_thread_blocked, id=146440, stack(0x00000000270a0000,0x00000000272a0000)]
  0x000000001f5a2000 JavaThread "Cache worker for execution history cache (F:\Projects\AndroidStudioProjects\EcommerceApp\.gradle\5.6.4\executionHistory)" [_thread_blocked, id=134800, stack(0x0000000026aa0000,0x0000000026ca0000)]
  0x000000001e4ef800 JavaThread "Execution worker for ':' Thread 3" [_thread_blocked, id=148504, stack(0x00000000268a0000,0x0000000026aa0000)]
  0x000000001e4f0000 JavaThread "Execution worker for ':' Thread 2" [_thread_blocked, id=147996, stack(0x00000000266a0000,0x00000000268a0000)]
  0x000000001e4ee800 JavaThread "Execution worker for ':'" [_thread_blocked, id=149232, stack(0x00000000264a0000,0x00000000266a0000)]
  0x000000001e4f3000 JavaThread "Cache worker for file content cache (F:\Projects\AndroidStudioProjects\EcommerceApp\.gradle\5.6.4\fileContent)" [_thread_blocked, id=150000, stack(0x0000000025aa0000,0x0000000025ca0000)]
  0x000000001e4f1000 JavaThread "Cache worker for file content cache (C:\Users\Mu7ammed_A4raf\.gradle\caches\5.6.4\fileContent)" [_thread_blocked, id=149524, stack(0x00000000258a0000,0x0000000025aa0000)]
  0x000000001e4e7000 JavaThread "Memory manager" [_thread_blocked, id=149516, stack(0x0000000025010000,0x0000000025210000)]
  0x000000001e4eb800 JavaThread "Cache worker for Build Output Cleanup Cache (F:\Projects\AndroidStudioProjects\EcommerceApp\.gradle\buildOutputCleanup)" [_thread_blocked, id=149992, stack(0x00000000243d0000,0x00000000245d0000)]
  0x000000001e4eb000 JavaThread "pool-1-thread-1" [_thread_blocked, id=149988, stack(0x0000000024810000,0x0000000024a10000)]
  0x000000001e4ea000 JavaThread "Build operations Thread 4" [_thread_blocked, id=149844, stack(0x0000000023fd0000,0x00000000241d0000)]
  0x000000001e4e6800 JavaThread "Build operations Thread 3" [_thread_blocked, id=148636, stack(0x0000000023dd0000,0x0000000023fd0000)]
  0x000000001e4e5800 JavaThread "Build operations Thread 2" [_thread_blocked, id=149316, stack(0x0000000023bd0000,0x0000000023dd0000)]
  0x000000001e4e8000 JavaThread "Build operations" [_thread_blocked, id=149928, stack(0x00000000239d0000,0x0000000023bd0000)]
  0x000000001e4e8800 JavaThread "Cache worker for execution history cache (C:\Users\Mu7ammed_A4raf\.gradle\caches\5.6.4\executionHistory)" [_thread_blocked, id=149944, stack(0x00000000235d0000,0x00000000237d0000)]
  0x000000001a796000 JavaThread "Cache worker for cache directory md-rule (C:\Users\Mu7ammed_A4raf\.gradle\caches\5.6.4\md-rule)" [_thread_blocked, id=149932, stack(0x0000000023170000,0x0000000023370000)]
  0x000000001a793000 JavaThread "Cache worker for cache directory md-supplier (C:\Users\Mu7ammed_A4raf\.gradle\caches\5.6.4\md-supplier)" [_thread_blocked, id=149936, stack(0x0000000022f70000,0x0000000023170000)]
  0x000000001a797000 JavaThread "Cache worker for file hash cache (F:\Projects\AndroidStudioProjects\EcommerceApp\.gradle\5.6.4\fileHashes)" [_thread_blocked, id=149856, stack(0x0000000020220000,0x0000000020420000)]
  0x000000001a794800 JavaThread "Cache worker for journal cache (C:\Users\Mu7ammed_A4raf\.gradle\caches\journal-1)" [_thread_blocked, id=147820, stack(0x000000001daa0000,0x000000001dca0000)]
  0x000000001a799800 JavaThread "File lock request listener" [_thread_in_native, id=149560, stack(0x000000001d8a0000,0x000000001daa0000)]
  0x000000001a798800 JavaThread "Cache worker for file hash cache (C:\Users\Mu7ammed_A4raf\.gradle\caches\5.6.4\fileHashes)" [_thread_blocked, id=149576, stack(0x000000001d6a0000,0x000000001d8a0000)]
  0x000000001acc9000 JavaThread "Thread-9" [_thread_blocked, id=149580, stack(0x000000001d2a0000,0x000000001d4a0000)]
  0x000000001acb4000 JavaThread "Stdin handler" [_thread_blocked, id=149588, stack(0x000000001d0a0000,0x000000001d2a0000)]
  0x000000001ae45000 JavaThread "Asynchronous log dispatcher for DefaultDaemonConnection: socket connection from /127.0.0.1:28151 to /127.0.0.1:28152" [_thread_blocked, id=149600, stack(0x000000001cea0000,0x000000001d0a0000)]
  0x000000001ae43800 JavaThread "Daemon worker" [_thread_blocked, id=149616, stack(0x000000001cca0000,0x000000001cea0000)]
  0x000000001b128000 JavaThread "Cancel handler" [_thread_blocked, id=149568, stack(0x000000001caa0000,0x000000001cca0000)]
  0x000000001accf800 JavaThread "Daemon periodic checks" [_thread_blocked, id=149520, stack(0x000000001c590000,0x000000001c790000)]
  0x000000001ae90800 JavaThread "Handler for socket connection from /127.0.0.1:28151 to /127.0.0.1:28152" [_thread_in_native, id=149584, stack(0x000000001c390000,0x000000001c590000)]
  0x000000001ac61000 JavaThread "Daemon" [_thread_blocked, id=149592, stack(0x000000001c0b0000,0x000000001c2b0000)]
  0x000000001ac46800 JavaThread "Incoming local TCP Connector on port 28151" [_thread_in_native, id=149628, stack(0x000000001beb0000,0x000000001c0b0000)]
  0x0000000019073800 JavaThread "Daemon health stats" [_thread_blocked, id=149664, stack(0x000000001b770000,0x000000001b970000)]
  0x0000000018800800 JavaThread "Service Thread" daemon [_thread_blocked, id=149696, stack(0x0000000018bd0000,0x0000000018dd0000)]
  0x0000000016696800 JavaThread "C1 CompilerThread2" daemon [_thread_in_vm, id=149704, stack(0x00000000185d0000,0x00000000187d0000)]
  0x0000000016692800 JavaThread "C2 CompilerThread1" daemon [_thread_blocked, id=149604, stack(0x00000000183d0000,0x00000000185d0000)]
=>0x000000001668e800 JavaThread "C2 CompilerThread0" daemon [_thread_in_vm, id=149672, stack(0x00000000181d0000,0x00000000183d0000)]
  0x000000001668d000 JavaThread "Attach Listener" daemon [_thread_blocked, id=149644, stack(0x0000000017fd0000,0x00000000181d0000)]
  0x000000001668c000 JavaThread "Signal Dispatcher" daemon [_thread_blocked, id=149620, stack(0x0000000017dd0000,0x0000000017fd0000)]
  0x000000000291c000 JavaThread "Finalizer" daemon [_thread_blocked, id=149612, stack(0x0000000017af0000,0x0000000017cf0000)]
  0x0000000016679000 JavaThread "Reference Handler" daemon [_thread_blocked, id=149636, stack(0x00000000178f0000,0x0000000017af0000)]
  0x0000000000a0e800 JavaThread "main" [_thread_blocked, id=149780, stack(0x0000000002620000,0x0000000002820000)]

Other Threads:
  0x0000000016657000 VMThread [stack: 0x00000000176f0000,0x00000000178f0000] [id=149528]
  0x00000000166ee800 WatcherThread [stack: 0x0000000018dd0000,0x0000000018fd0000] [id=149596]

VM state:synchronizing (normal execution)

VM Mutex/Monitor currently owned by a thread:  ([mutex/lock_event])
[0x0000000000a0cc20] Threads_lock - owner thread: 0x0000000016657000

heap address: 0x00000000a0000000, size: 1536 MB, Compressed Oops mode: 32-bit
Narrow klass base: 0x0000000000000000, Narrow klass shift: 3
Compressed class space size: 1073741824 Address: 0x0000000100000000

Heap:
 PSYoungGen      total 296448K, used 60952K [0x00000000e0000000, 0x00000000f6080000, 0x0000000100000000)
  eden space 238080K, 12% used [0x00000000e0000000,0x00000000e1bfcec0,0x00000000ee880000)
  from space 58368K, 55% used [0x00000000f2780000,0x00000000f47093f8,0x00000000f6080000)
  to   space 61440K, 0% used [0x00000000ee880000,0x00000000ee880000,0x00000000f2480000)
 ParOldGen       total 306688K, used 149201K [0x00000000a0000000, 0x00000000b2b80000, 0x00000000e0000000)
  object space 306688K, 48% used [0x00000000a0000000,0x00000000a91b46f0,0x00000000b2b80000)
 Metaspace       used 91006K, capacity 94296K, committed 94376K, reserved 1130496K
  class space    used 11947K, capacity 12660K, committed 12712K, reserved 1048576K

Card table byte_map: [0x0000000011ce0000,0x0000000011ff0000] byte_map_base: 0x00000000117e0000

Marking Bits: (ParMarkBitMap*) 0x000000005f749f30
 Begin Bits: [0x00000000129f0000, 0x00000000141f0000)
 End Bits:   [0x00000000141f0000, 0x00000000159f0000)

Polling page: 0x0000000000a10000

CodeCache: size=245760Kb used=42731Kb max_used=42776Kb free=203028Kb
 bounds [0x0000000002920000, 0x0000000005320000, 0x0000000011920000]
 total_blobs=13671 nmethods=12786 adapters=795
 compilation: enabled

Compilation events (10 events):
Event: 45.804 Thread 0x0000000016696800 14934       3       java.lang.invoke.MethodHandles$Lookup::restrictProtectedReceiver (54 bytes)
Event: 45.805 Thread 0x000000001668e800 14935       4       com.android.tools.r8.graph.e0::a (57 bytes)
Event: 45.805 Thread 0x0000000016696800 nmethod 14934 0x0000000005310f90 code [0x0000000005311140, 0x0000000005311988]
Event: 45.806 Thread 0x000000001668e800 nmethod 14935 0x0000000002a75f10 code [0x0000000002a76040, 0x0000000002a76118]
Event: 45.806 Thread 0x0000000016696800 14936       3       com.android.tools.r8.graph.S::a (94 bytes)
Event: 45.807 Thread 0x0000000016696800 nmethod 14936 0x0000000005310610 code [0x00000000053107c0, 0x0000000005310d08]
Event: 45.808 Thread 0x0000000016696800 14937       3       com.android.tools.r8.u.c.N::b (58 bytes)
Event: 45.809 Thread 0x0000000016696800 nmethod 14937 0x0000000002bb0e50 code [0x0000000002bb1000, 0x0000000002bb15c8]
Event: 45.810 Thread 0x0000000016696800 14940       3       com.android.tools.r8.u.c.N::c (337 bytes)
Event: 45.810 Thread 0x000000001668e800 14942       4       com.android.tools.r8.u.b.T::i (30 bytes)

GC Heap History (10 events):
Event: 32.449 GC heap before
{Heap before GC invocations=18 (full 3):
 PSYoungGen      total 216064K, used 216035K [0x00000000e0000000, 0x00000000ef480000, 0x0000000100000000)
  eden space 196096K, 100% used [0x00000000e0000000,0x00000000ebf80000,0x00000000ebf80000)
  from space 19968K, 99% used [0x00000000ed900000,0x00000000eec78e00,0x00000000eec80000)
  to   space 26112K, 0% used [0x00000000ebf80000,0x00000000ebf80000,0x00000000ed900000)
 ParOldGen       total 138752K, used 47008K [0x00000000a0000000, 0x00000000a8780000, 0x00000000e0000000)
  object space 138752K, 33% used [0x00000000a0000000,0x00000000a2de8270,0x00000000a8780000)
 Metaspace       used 71551K, capacity 73818K, committed 74024K, reserved 1114112K
  class space    used 9617K, capacity 10155K, committed 10280K, reserved 1048576K
Event: 32.533 GC heap after
Heap after GC invocations=18 (full 3):
 PSYoungGen      total 222208K, used 26091K [0x00000000e0000000, 0x00000000f3080000, 0x0000000100000000)
  eden space 196096K, 0% used [0x00000000e0000000,0x00000000e0000000,0x00000000ebf80000)
  from space 26112K, 99% used [0x00000000ebf80000,0x00000000ed8faf50,0x00000000ed900000)
  to   space 38400K, 0% used [0x00000000f0b00000,0x00000000f0b00000,0x00000000f3080000)
 ParOldGen       total 138752K, used 69439K [0x00000000a0000000, 0x00000000a8780000, 0x00000000e0000000)
  object space 138752K, 50% used [0x00000000a0000000,0x00000000a43cffd8,0x00000000a8780000)
 Metaspace       used 71551K, capacity 73818K, committed 74024K, reserved 1114112K
  class space    used 9617K, capacity 10155K, committed 10280K, reserved 1048576K
}
Event: 38.137 GC heap before
{Heap before GC invocations=19 (full 3):
 PSYoungGen      total 222208K, used 222187K [0x00000000e0000000, 0x00000000f3080000, 0x0000000100000000)
  eden space 196096K, 100% used [0x00000000e0000000,0x00000000ebf80000,0x00000000ebf80000)
  from space 26112K, 99% used [0x00000000ebf80000,0x00000000ed8faf50,0x00000000ed900000)
  to   space 38400K, 0% used [0x00000000f0b00000,0x00000000f0b00000,0x00000000f3080000)
 ParOldGen       total 138752K, used 69439K [0x00000000a0000000, 0x00000000a8780000, 0x00000000e0000000)
  object space 138752K, 50% used [0x00000000a0000000,0x00000000a43cffd8,0x00000000a8780000)
 Metaspace       used 79937K, capacity 82436K, committed 82856K, reserved 1120256K
  class space    used 10544K, capacity 11116K, committed 11176K, reserved 1048576K
Event: 38.262 GC heap after
Heap after GC invocations=19 (full 3):
 PSYoungGen      total 247808K, used 38394K [0x00000000e0000000, 0x00000000f6600000, 0x0000000100000000)
  eden space 209408K, 0% used [0x00000000e0000000,0x00000000e0000000,0x00000000ecc80000)
  from space 38400K, 99% used [0x00000000f0b00000,0x00000000f307eb58,0x00000000f3080000)
  to   space 64000K, 0% used [0x00000000ecc80000,0x00000000ecc80000,0x00000000f0b00000)
 ParOldGen       total 138752K, used 122640K [0x00000000a0000000, 0x00000000a8780000, 0x00000000e0000000)
  object space 138752K, 88% used [0x00000000a0000000,0x00000000a77c4090,0x00000000a8780000)
 Metaspace       used 79937K, capacity 82436K, committed 82856K, reserved 1120256K
  class space    used 10544K, capacity 11116K, committed 11176K, reserved 1048576K
}
Event: 38.262 GC heap before
{Heap before GC invocations=20 (full 4):
 PSYoungGen      total 247808K, used 38394K [0x00000000e0000000, 0x00000000f6600000, 0x0000000100000000)
  eden space 209408K, 0% used [0x00000000e0000000,0x00000000e0000000,0x00000000ecc80000)
  from space 38400K, 99% used [0x00000000f0b00000,0x00000000f307eb58,0x00000000f3080000)
  to   space 64000K, 0% used [0x00000000ecc80000,0x00000000ecc80000,0x00000000f0b00000)
 ParOldGen       total 138752K, used 122640K [0x00000000a0000000, 0x00000000a8780000, 0x00000000e0000000)
  object space 138752K, 88% used [0x00000000a0000000,0x00000000a77c4090,0x00000000a8780000)
 Metaspace       used 79937K, capacity 82436K, committed 82856K, reserved 1120256K
  class space    used 10544K, capacity 11116K, committed 11176K, reserved 1048576K
Event: 39.264 GC heap after
Heap after GC invocations=20 (full 4):
 PSYoungGen      total 247808K, used 11076K [0x00000000e0000000, 0x00000000f6600000, 0x0000000100000000)
  eden space 209408K, 0% used [0x00000000e0000000,0x00000000e0000000,0x00000000ecc80000)
  from space 38400K, 28% used [0x00000000f0b00000,0x00000000f15d1348,0x00000000f3080000)
  to   space 64000K, 0% used [0x00000000ecc80000,0x00000000ecc80000,0x00000000f0b00000)
 ParOldGen       total 306688K, used 138317K [0x00000000a0000000, 0x00000000b2b80000, 0x00000000e0000000)
  object space 306688K, 45% used [0x00000000a0000000,0x00000000a87136e0,0x00000000b2b80000)
 Metaspace       used 79883K, capacity 82282K, committed 82856K, reserved 1120256K
  class space    used 10527K, capacity 11085K, committed 11176K, reserved 1048576K
}
Event: 40.304 GC heap before
{Heap before GC invocations=21 (full 4):
 PSYoungGen      total 247808K, used 220484K [0x00000000e0000000, 0x00000000f6600000, 0x0000000100000000)
  eden space 209408K, 100% used [0x00000000e0000000,0x00000000ecc80000,0x00000000ecc80000)
  from space 38400K, 28% used [0x00000000f0b00000,0x00000000f15d1348,0x00000000f3080000)
  to   space 64000K, 0% used [0x00000000ecc80000,0x00000000ecc80000,0x00000000f0b00000)
 ParOldGen       total 306688K, used 138317K [0x00000000a0000000, 0x00000000b2b80000, 0x00000000e0000000)
  object space 306688K, 45% used [0x00000000a0000000,0x00000000a87136e0,0x00000000b2b80000)
 Metaspace       used 80033K, capacity 82410K, committed 82856K, reserved 1120256K
  class space    used 10527K, capacity 11085K, committed 11176K, reserved 1048576K
Event: 40.364 GC heap after
Heap after GC invocations=21 (full 4):
 PSYoungGen      total 273408K, used 13737K [0x00000000e0000000, 0x00000000f6400000, 0x0000000100000000)
  eden space 209408K, 0% used [0x00000000e0000000,0x00000000e0000000,0x00000000ecc80000)
  from space 64000K, 21% used [0x00000000ecc80000,0x00000000ed9ea458,0x00000000f0b00000)
  to   space 61952K, 0% used [0x00000000f2780000,0x00000000f2780000,0x00000000f6400000)
 ParOldGen       total 306688K, used 149193K [0x00000000a0000000, 0x00000000b2b80000, 0x00000000e0000000)
  object space 306688K, 48% used [0x00000000a0000000,0x00000000a91b26f0,0x00000000b2b80000)
 Metaspace       used 80033K, capacity 82410K, committed 82856K, reserved 1120256K
  class space    used 10527K, capacity 11085K, committed 11176K, reserved 1048576K
}
Event: 45.081 GC heap before
{Heap before GC invocations=22 (full 4):
 PSYoungGen      total 273408K, used 223145K [0x00000000e0000000, 0x00000000f6400000, 0x0000000100000000)
  eden space 209408K, 100% used [0x00000000e0000000,0x00000000ecc80000,0x00000000ecc80000)
  from space 64000K, 21% used [0x00000000ecc80000,0x00000000ed9ea458,0x00000000f0b00000)
  to   space 61952K, 0% used [0x00000000f2780000,0x00000000f2780000,0x00000000f6400000)
 ParOldGen       total 306688K, used 149193K [0x00000000a0000000, 0x00000000b2b80000, 0x00000000e0000000)
  object space 306688K, 48% used [0x00000000a0000000,0x00000000a91b26f0,0x00000000b2b80000)
 Metaspace       used 90543K, capacity 93778K, committed 94120K, reserved 1130496K
  class space    used 11906K, capacity 12611K, committed 12712K, reserved 1048576K
Event: 45.127 GC heap after
Heap after GC invocations=22 (full 4):
 PSYoungGen      total 296448K, used 32292K [0x00000000e0000000, 0x00000000f6080000, 0x0000000100000000)
  eden space 238080K, 0% used [0x00000000e0000000,0x00000000e0000000,0x00000000ee880000)
  from space 58368K, 55% used [0x00000000f2780000,0x00000000f47093f8,0x00000000f6080000)
  to   space 61440K, 0% used [0x00000000ee880000,0x00000000ee880000,0x00000000f2480000)
 ParOldGen       total 306688K, used 149201K [0x00000000a0000000, 0x00000000b2b80000, 0x00000000e0000000)
  object space 306688K, 48% used [0x00000000a0000000,0x00000000a91b46f0,0x00000000b2b80000)
 Metaspace       used 90543K, capacity 93778K, committed 94120K, reserved 1130496K
  class space    used 11906K, capacity 12611K, committed 12712K, reserved 1048576K
}

Deoptimization events (10 events):
Event: 44.869 Thread 0x000000001f5a1000 Uncommon trap: reason=class_check action=maybe_recompile pc=0x0000000004fa5ebc method=com.android.tools.r8.u.c.M.k(I)V @ 9
Event: 44.869 Thread 0x000000001f5a1000 Uncommon trap: reason=class_check action=maybe_recompile pc=0x0000000004fa5ebc method=com.android.tools.r8.u.c.M.k(I)V @ 9
Event: 44.869 Thread 0x000000001f5a1000 Uncommon trap: reason=class_check action=maybe_recompile pc=0x0000000004fa5ebc method=com.android.tools.r8.u.c.M.k(I)V @ 9
Event: 44.869 Thread 0x000000001f5a1000 Uncommon trap: reason=class_check action=maybe_recompile pc=0x0000000004fa5ebc method=com.android.tools.r8.u.c.M.k(I)V @ 9
Event: 44.883 Thread 0x000000001f5a1000 Uncommon trap: reason=unstable_if action=reinterpret pc=0x00000000049af13c method=com.android.tools.r8.graph.d0.l()Z @ 33
Event: 45.227 Thread 0x000000001f5a1000 Uncommon trap: reason=class_check action=maybe_recompile pc=0x0000000004fe2170 method=com.android.tools.r8.ir.optimize.I.a(Lcom/android/tools/r8/u/b/d0;)Z @ 9
Event: 45.227 Thread 0x000000001f5a1000 Uncommon trap: reason=class_check action=maybe_recompile pc=0x0000000004fe2170 method=com.android.tools.r8.ir.optimize.I.a(Lcom/android/tools/r8/u/b/d0;)Z @ 9
Event: 45.227 Thread 0x000000001f5a1000 Uncommon trap: reason=class_check action=maybe_recompile pc=0x0000000004fe2170 method=com.android.tools.r8.ir.optimize.I.a(Lcom/android/tools/r8/u/b/d0;)Z @ 9
Event: 45.227 Thread 0x000000001f5a1000 Uncommon trap: reason=class_check action=maybe_recompile pc=0x0000000004fe2170 method=com.android.tools.r8.ir.optimize.I.a(Lcom/android/tools/r8/u/b/d0;)Z @ 9
Event: 45.469 Thread 0x000000001f5a1000 Uncommon trap: reason=unstable_if action=reinterpret pc=0x0000000004d43010 method=java.util.HashMap.computeIfAbsent(Ljava/lang/Object;Ljava/util/function/Function;)Ljava/lang/Object; @ 271

Classes redefined (0 events):
No events

Internal exceptions (10 events):
Event: 43.283 Thread 0x000000001f5a1000 Exception <a 'sun/nio/fs/WindowsException'> (0x00000000e90aa878) thrown at [D:\src\AOSP-openjdk-cygwin\jdk8u\hotspot\src\share\vm\prims\jni.cpp, line 710]
Event: 43.363 Thread 0x000000001f5a1000 Exception <a 'java/lang/NoSuchMethodError': java.lang.Object.lambda$identity$2(Ljava/lang/Object;)Ljava/lang/Object;> (0x00000000e92fc348) thrown at [D:\src\AOSP-openjdk-cygwin\jdk8u\hotspot\src\share\vm\interpreter\linkResolver.cpp, line 620]
Event: 43.364 Thread 0x000000001f5a4000 Exception <a 'java/lang/NoSuchMethodError': java.lang.Object.lambda$identity$2(Ljava/lang/Object;)Ljava/lang/Object;> (0x00000000e924fa40) thrown at [D:\src\AOSP-openjdk-cygwin\jdk8u\hotspot\src\share\vm\interpreter\linkResolver.cpp, line 620]
Event: 43.808 Thread 0x000000001f5a4000 Exception <a 'java/lang/NoSuchMethodError': java.lang.Object.lambda$maxBy$1(Ljava/util/Comparator;Ljava/lang/Object;Ljava/lang/Object;)Ljava/lang/Object;> (0x00000000ea270c50) thrown at [D:\src\AOSP-openjdk-cygwin\jdk8u\hotspot\src\share\vm\interpreter\li
Event: 43.808 Thread 0x000000001f5a1000 Exception <a 'java/lang/NoSuchMethodError': java.lang.Object.lambda$maxBy$1(Ljava/util/Comparator;Ljava/lang/Object;Ljava/lang/Object;)Ljava/lang/Object;> (0x00000000ea2bf620) thrown at [D:\src\AOSP-openjdk-cygwin\jdk8u\hotspot\src\share\vm\interpreter\li
Event: 44.364 Thread 0x000000001f5a4000 Exception <a 'sun/nio/fs/WindowsException'> (0x00000000eb5bbb78) thrown at [D:\src\AOSP-openjdk-cygwin\jdk8u\hotspot\src\share\vm\prims\jni.cpp, line 710]
Event: 44.375 Thread 0x000000001f5a4000 Exception <a 'sun/nio/fs/WindowsException'> (0x00000000eb612d98) thrown at [D:\src\AOSP-openjdk-cygwin\jdk8u\hotspot\src\share\vm\prims\jni.cpp, line 710]
Event: 44.415 Thread 0x000000001f5a4000 Exception <a 'sun/nio/fs/WindowsException'> (0x00000000eb65a050) thrown at [D:\src\AOSP-openjdk-cygwin\jdk8u\hotspot\src\share\vm\prims\jni.cpp, line 710]
Event: 44.421 Thread 0x000000001f5a4000 Exception <a 'sun/nio/fs/WindowsException'> (0x00000000eb661ed0) thrown at [D:\src\AOSP-openjdk-cygwin\jdk8u\hotspot\src\share\vm\prims\jni.cpp, line 710]
Event: 44.440 Thread 0x000000001f5a4000 Exception <a 'sun/nio/fs/WindowsException'> (0x00000000eb66a658) thrown at [D:\src\AOSP-openjdk-cygwin\jdk8u\hotspot\src\share\vm\prims\jni.cpp, line 710]

Events (10 events):
Event: 45.820 loading class com/android/tools/r8/graph/e0 done
Event: 45.821 loading class com/android/tools/r8/graph/DexValue$t
Event: 45.821 loading class com/android/tools/r8/graph/DexValue$t done
Event: 45.821 loading class com/android/tools/r8/graph/DexValue$t
Event: 45.821 loading class com/android/tools/r8/graph/DexValue$t done
Event: 45.821 loading class java/util/stream/Nodes$FixedNodeBuilder
Event: 45.821 loading class java/util/stream/Nodes$ArrayNode
Event: 45.821 loading class java/util/stream/Nodes$ArrayNode done
Event: 45.821 loading class java/util/stream/Nodes$FixedNodeBuilder done
Event: 45.826 Executing VM operation: BulkRevokeBias


Dynamic libraries:
0x0000000140000000 - 0x00000001402b9000 	C:\Program Files\Android\Android Studio\jre\bin\java.exe
0x00007ffb05570000 - 0x00007ffb05732000 	C:\Windows\SYSTEM32\ntdll.dll
0x00007ffb02c40000 - 0x00007ffb02ced000 	C:\Windows\system32\KERNEL32.DLL
0x00007ffb02a60000 - 0x00007ffb02c3d000 	C:\Windows\system32\KERNELBASE.dll
0x00007ffb05250000 - 0x00007ffb052f6000 	C:\Windows\system32\ADVAPI32.dll
0x00007ffb048c0000 - 0x00007ffb0495d000 	C:\Windows\system32\msvcrt.dll
0x00007ffb04960000 - 0x00007ffb049bb000 	C:\Windows\system32\sechost.dll
0x00007ffb053e0000 - 0x00007ffb05506000 	C:\Windows\system32\RPCRT4.dll
0x00007ffb04660000 - 0x00007ffb047ae000 	C:\Windows\system32\USER32.dll
0x00007ffb02db0000 - 0x00007ffb02f35000 	C:\Windows\system32\GDI32.dll
0x00007ffaf28a0000 - 0x00007ffaf2b14000 	C:\Windows\WinSxS\amd64_microsoft.windows.common-controls_6595b64144ccf1df_6.0.10240.16384_none_f41f7b285750ef43\COMCTL32.dll
0x00007ffb04620000 - 0x00007ffb04656000 	C:\Windows\system32\IMM32.DLL
0x00007ffb049c0000 - 0x00007ffb04b1c000 	C:\Windows\system32\MSCTF.dll
0x000000005dde0000 - 0x000000005deb2000 	C:\Program Files\Android\Android Studio\jre\jre\bin\msvcr100.dll
0x000000005ef80000 - 0x000000005f7c6000 	C:\Program Files\Android\Android Studio\jre\jre\bin\server\jvm.dll
0x00007ffb05150000 - 0x00007ffb05158000 	C:\Windows\system32\PSAPI.DLL
0x00007ffaf4170000 - 0x00007ffaf4193000 	C:\Windows\SYSTEM32\WINMM.dll
0x00007ffaf5940000 - 0x00007ffaf594a000 	C:\Windows\SYSTEM32\VERSION.dll
0x00000000009b0000 - 0x00000000009dc000 	C:\Windows\SYSTEM32\WINMMBASE.dll
0x00007ffaf3f10000 - 0x00007ffaf3f19000 	C:\Windows\SYSTEM32\WSOCK32.dll
0x00007ffb05170000 - 0x00007ffb051d9000 	C:\Windows\system32\WS2_32.dll
0x00007ffb02950000 - 0x00007ffb02994000 	C:\Windows\system32\cfgmgr32.dll
0x00007ffb05160000 - 0x00007ffb05168000 	C:\Windows\system32\NSI.dll
0x00007ffb00870000 - 0x00007ffb00897000 	C:\Windows\SYSTEM32\DEVOBJ.dll
0x00007ffafeb20000 - 0x00007ffafeb2f000 	C:\Program Files\Android\Android Studio\jre\jre\bin\verify.dll
0x00007ffafeaf0000 - 0x00007ffafeb19000 	C:\Program Files\Android\Android Studio\jre\jre\bin\java.dll
0x00007ffafead0000 - 0x00007ffafeae6000 	C:\Program Files\Android\Android Studio\jre\jre\bin\zip.dll
0x00007ffb02f40000 - 0x00007ffb04465000 	C:\Windows\system32\SHELL32.dll
0x00007ffb02210000 - 0x00007ffb02838000 	C:\Windows\system32\windows.storage.dll
0x00007ffb04ed0000 - 0x00007ffb0514c000 	C:\Windows\system32\combase.dll
0x00007ffb04860000 - 0x00007ffb048b1000 	C:\Windows\system32\shlwapi.dll
0x00007ffb01fc0000 - 0x00007ffb01fcf000 	C:\Windows\system32\kernel.appcore.dll
0x00007ffb029a0000 - 0x00007ffb02a53000 	C:\Windows\system32\shcore.dll
0x00007ffb01ff0000 - 0x00007ffb0203a000 	C:\Windows\system32\powrprof.dll
0x00007ffb01fa0000 - 0x00007ffb01fb3000 	C:\Windows\system32\profapi.dll
0x00007ffafeab0000 - 0x00007ffafeaca000 	C:\Program Files\Android\Android Studio\jre\jre\bin\net.dll
0x00007ffaf5290000 - 0x00007ffaf5427000 	C:\Windows\SYSTEM32\urlmon.dll
0x00007ffafabe0000 - 0x00007ffafaf56000 	C:\Windows\SYSTEM32\iertutil.dll
0x00007ffb01980000 - 0x00007ffb0198b000 	C:\Windows\SYSTEM32\CRYPTBASE.dll
0x00007ffb01d60000 - 0x00007ffb01dcb000 	C:\Windows\SYSTEM32\bcryptPrimitives.dll
0x00007ffb017b0000 - 0x00007ffb0180d000 	C:\Windows\system32\mswsock.dll
0x00007ffafe920000 - 0x00007ffafe933000 	C:\Program Files\Android\Android Studio\jre\jre\bin\nio.dll
0x00007ffaee110000 - 0x00007ffaee136000 	C:\Users\Mu7ammed_A4raf\.gradle\native\30\windows-amd64\native-platform.dll
0x00007ffafeaa0000 - 0x00007ffafeaad000 	C:\Program Files\Android\Android Studio\jre\jre\bin\management.dll
0x00007ffb01810000 - 0x00007ffb01827000 	C:\Windows\SYSTEM32\CRYPTSP.dll
0x00007ffb01ed0000 - 0x00007ffb01ef8000 	C:\Windows\SYSTEM32\bcrypt.dll
0x00007ffb01460000 - 0x00007ffb01493000 	C:\Windows\system32\rsaenh.dll
0x00007ffb01640000 - 0x00007ffb0165f000 	C:\Windows\SYSTEM32\USERENV.dll
0x00007ffaffce0000 - 0x00007ffaffd18000 	C:\Windows\SYSTEM32\IPHLPAPI.DLL
0x00007ffaffc50000 - 0x00007ffaffc5b000 	C:\Windows\SYSTEM32\WINNSI.DLL
0x00007ffafa170000 - 0x00007ffafa186000 	C:\Windows\SYSTEM32\dhcpcsvc6.DLL
0x00007ffaf9e60000 - 0x00007ffaf9e7a000 	C:\Windows\SYSTEM32\dhcpcsvc.DLL
0x00007ffb02040000 - 0x00007ffb02201000 	C:\Windows\system32\crypt32.dll
0x00007ffb01fd0000 - 0x00007ffb01fe1000 	C:\Windows\system32\MSASN1.dll
0x00007ffb02cf0000 - 0x00007ffb02dae000 	C:\Windows\system32\oleaut32.dll
0x00007ffb04ba0000 - 0x00007ffb04ce1000 	C:\Windows\system32\ole32.dll
0x0000000180000000 - 0x0000000180003000 	C:\Windows\SYSTEM32\sfc.dll
0x00007ffaf8e10000 - 0x00007ffaf8e21000 	C:\Windows\SYSTEM32\sfc_os.DLL
0x00007ffaf62f0000 - 0x00007ffaf62f9000 	C:\Windows\SYSTEM32\pstorec.dll
0x00007ffb01b60000 - 0x00007ffb01b8c000 	C:\Windows\SYSTEM32\SspiCli.dll
0x00007ffb008a0000 - 0x00007ffb00936000 	C:\Windows\system32\uxtheme.dll
0x00007ffaffc20000 - 0x00007ffaffc42000 	C:\Windows\system32\dwmapi.dll
0x00007ffaf6580000 - 0x00007ffaf670a000 	C:\Windows\SYSTEM32\dbghelp.dll

VM Arguments:
jvm_args: -Xmx1536m -Dfile.encoding=windows-1252 -Duser.country=US -Duser.language=en -Duser.variant 
java_command: org.gradle.launcher.daemon.bootstrap.GradleDaemon 5.6.4
java_class_path (initial): C:\Users\Mu7ammed_A4raf\.gradle\wrapper\dists\gradle-5.6.4-all\ankdp27end7byghfw1q2sw75f\gradle-5.6.4\lib\gradle-launcher-5.6.4.jar
Launcher Type: SUN_STANDARD

Environment Variables:
PATH=C:\oraclexe\app\oracle\product\10.2.0\server\bin;C:\ProgramData\Oracle\Java\javapath;C:\Windows\system32;C:\Windows;C:\Windows\System32\Wbem;C:\Windows\System32\WindowsPowerShell\v1.0\;C:\Program Files (x86)\AMD\ATI.ACE\Core-Static;C:\Program Files\Intel\WiFi\bin\;C:\Program Files\Common Files\Intel\WirelessCommon\;C:\Program Files (x86)\Windows Kits\8.1\Windows Performance Toolkit\;C:\Program Files\Microsoft SQL Server\110\Tools\Binn\;C:\Program Files (x86)\Common Files\lenovo\easyplussdk\bin;C:\Program Files\MATLAB\R2010a\runtime\win64;C:\Program Files\MATLAB\R2010a\bin;C:\Program Files (x86)\GtkSharp\2.12\bin;C:\Program Files\Git\cmd;C:\Users\Mu7ammed_A4raf\AppData\Local\Programs\Python\Python36-32\Scripts\;C:\Users\Mu7ammed_A4raf\AppData\Local\Programs\Python\Python36-32\;C:\Program Files\Intel\WiFi\bin\;C:\Program Files\Common Files\Intel\WirelessCommon\;C:\Program Files\Microsoft VS Code\bin
USERNAME=Mu7ammed_A4raf
OS=Windows_NT
PROCESSOR_IDENTIFIER=Intel64 Family 6 Model 61 Stepping 4, GenuineIntel



---------------  S Y S T E M  ---------------

OS: Windows 10.0 , 64 bit Build 10240 (10.0.10240.16384)

CPU:total 4 (initial active 4) (2 cores per cpu, 2 threads per core) family 6 model 61 stepping 4, cmov, cx8, fxsr, mmx, sse, sse2, sse3, ssse3, sse4.1, sse4.2, popcnt, avx, avx2, aes, clmul, erms, 3dnowpref, lzcnt, ht, tsc, tscinvbit, bmi1, bmi2, adx

Memory: 4k page, physical 8305600k(1105120k free), swap 16422088k(5585476k free)

vm_info: OpenJDK 64-Bit Server VM (25.212-b04) for windows-amd64 JRE (1.8.0_212-release-1586-b04), built by "builder" with MS VC++ 10.0 (VS2010)

time: Wed Jun 17 14:05:26 2020
timezone: Egypt Standard Time
elapsed time: 46 seconds (0d 0h 0m 46s)

