#
# A fatal error has been detected by the Java Runtime Environment:
#
#  EXCEPTION_ACCESS_VIOLATION (0xc0000005) at pc=0x0000000055be1d7a, pid=104596, tid=0x0000000000019550
#
# JRE version: OpenJDK Runtime Environment (8.0_212-b04) (build 1.8.0_212-release-1586-b04)
# Java VM: OpenJDK 64-Bit Server VM (25.212-b04 mixed mode windows-amd64 compressed oops)
# Problematic frame:
# V  [jvm.dll+0xd1d7a]
#
# Failed to write core dump. Minidumps are not enabled by default on client versions of Windows
#
# If you would like to submit a bug report, please visit:
#   
#

---------------  T H R E A D  ---------------

Current thread (0x0000000019ee3000):  JavaThread "WorkerExecutor Queue Thread 4" [_thread_in_vm, id=103760, stack(0x0000000031b00000,0x0000000031d00000)]

siginfo: ExceptionCode=0xc0000005, reading address 0x0000000031939622

Registers:
RAX=0x000000000000f89d, RBX=0x0000000000000002, RCX=0x0000000038a39068, RDX=0x000000000000f89d
RSP=0x0000000031cfdd28, RBP=0x0000000031cfde30, RSI=0x00000000318bf6a8, RDI=0x0000000019ee3000
R8 =0x0000000000000000, R9 =0x00000000318bd0e8, R10=0x00000000318bf6a8, R11=0x0000000004dbe400
R12=0x000000001e3c1880, R13=0x00000000318bf6a8, R14=0x0000000031cfde68, R15=0x0000000022571780
RIP=0x0000000055be1d7a, EFLAGS=0x0000000000010202

Top of Stack: (sp=0x0000000031cfdd28)
0x0000000031cfdd28:   0000000055ba7ba6 00000000318bf6a8
0x0000000031cfdd38:   0000000019ee3000 0000000000000000
0x0000000031cfdd48:   0000000000000000 0000000000000000
0x0000000031cfdd58:   0000000000000000 0000000000000000
0x0000000031cfdd68:   0000000000000000 0000000000000000
0x0000000031cfdd78:   0000000000000000 0000000000000000
0x0000000031cfdd88:   0000000000000000 00003f9240098eff
0x0000000031cfdd98:   0000000000000000 00000000000000ed
0x0000000031cfdda8:   0000000002aaead3 00000000318bf6a8
0x0000000031cfddb8:   0000000019ee3000 0000000000000000
0x0000000031cfddc8:   000000001c83ca20 0000000022571b68
0x0000000031cfddd8:   0000000000000000 0000000019ee3000
0x0000000031cfdde8:   000000000002808d 00000000eb3b7540
0x0000000031cfddf8:   0000000000000000 0000000000000340
0x0000000031cfde08:   0000000100b3c820 00000000eacf3620
0x0000000031cfde18:   00000000318bf67a 00000000000000b6 

Instructions: (pc=0x0000000055be1d7a)
0x0000000055be1d5a:   48 c1 e0 05 48 8b 44 08 10 0f b7 c0 eb 12 48 63
0x0000000055be1d6a:   c2 48 c1 e0 05 48 8b 44 08 10 0f b7 d0 48 63 c2
0x0000000055be1d7a:   41 0f b7 4c c1 52 48 63 c1 41 0f b7 44 c1 52 49
0x0000000055be1d8a:   8b 44 c1 50 c3 49 8b 41 08 48 63 ca 0f b6 44 08 


Register to memory mapping:

RAX=0x000000000000f89d is an unknown value
RBX=0x0000000000000002 is an unknown value
RCX=0x0000000038a39068 is pointing into metadata
RDX=0x000000000000f89d is an unknown value
RSP=0x0000000031cfdd28 is pointing into the stack for thread: 0x0000000019ee3000
RBP=0x0000000031cfde30 is pointing into the stack for thread: 0x0000000019ee3000
RSI={method} {0x00000000318bf6b0} 'collectMixedSectionItems' '(Lcom/android/tools/r8/dex/A;)V' in 'com/android/tools/r8/graph/E'
RDI=0x0000000019ee3000 is a thread
R8 =0x0000000000000000 is an unknown value
R9 =0x00000000318bd0e8 is pointing into metadata
R10={method} {0x00000000318bf6b0} 'collectMixedSectionItems' '(Lcom/android/tools/r8/dex/A;)V' in 'com/android/tools/r8/graph/E'
R11=0x0000000004dbe400 is at entry_point+32 in (nmethod*)0x0000000004dbe290
R12=0x000000001e3c1880 is an unknown value
R13={method} {0x00000000318bf6b0} 'collectMixedSectionItems' '(Lcom/android/tools/r8/dex/A;)V' in 'com/android/tools/r8/graph/E'
R14=0x0000000031cfde68 is pointing into the stack for thread: 0x0000000019ee3000
R15=0x0000000022571780 is an unknown value


Stack: [0x0000000031b00000,0x0000000031d00000],  sp=0x0000000031cfdd28,  free space=2039k
Native frames: (J=compiled Java code, j=interpreted, Vv=VM code, C=native code)
V  [jvm.dll+0xd1d7a]

Java frames: (J=compiled Java code, j=interpreted, Vv=VM code)
j  com.android.tools.r8.graph.E.collectMixedSectionItems(Lcom/android/tools/r8/dex/A;)V+2
j  com.android.tools.r8.graph.S.a(Lcom/android/tools/r8/dex/A;Lcom/android/tools/r8/dex/z;)V+12
j  com.android.tools.r8.dex.A.a(Lcom/android/tools/r8/graph/S;)V+5
j  com.android.tools.r8.graph.S.collectMixedSectionItems(Lcom/android/tools/r8/dex/A;)V+2
j  com.android.tools.r8.graph.U.a(Lcom/android/tools/r8/dex/A;Lcom/android/tools/r8/graph/U;)V+2
j  com.android.tools.r8.graph.U$$Lambda$629.accept(Ljava/lang/Object;)V+8
j  com.android.tools.r8.graph.U.a([Lcom/android/tools/r8/graph/U;Ljava/util/function/Consumer;)V+27
j  com.android.tools.r8.graph.U.a(Lcom/android/tools/r8/dex/A;[Lcom/android/tools/r8/graph/U;)V+7
j  com.android.tools.r8.graph.a0.b(Lcom/android/tools/r8/dex/A;[Lcom/android/tools/r8/graph/U;)V+5
j  com.android.tools.r8.graph.a0.a(Lcom/android/tools/r8/dex/A;)V+106
j  com.android.tools.r8.dex.b.a(Lcom/android/tools/r8/dex/b$b;Lcom/android/tools/r8/graph/a0;)V+2
j  com.android.tools.r8.dex.b$$Lambda$626.accept(Ljava/lang/Object;)V+8
j  java.util.ArrayList.forEach(Ljava/util/function/Consumer;)V+47
j  com.android.tools.r8.dex.b.a(Ljava/util/concurrent/ExecutorService;)V+324
j  com.android.tools.r8.D8.d(Lcom/android/tools/r8/utils/e;Lcom/android/tools/r8/utils/X;Ljava/util/concurrent/ExecutorService;)V+452
j  com.android.tools.r8.D8.b(Lcom/android/tools/r8/utils/e;Lcom/android/tools/r8/utils/X;Ljava/util/concurrent/ExecutorService;)V+3
j  com.android.tools.r8.D8$$Lambda$497.run()V+12
j  com.android.tools.r8.utils.O.a(Lcom/android/tools/r8/utils/y0;Lcom/android/tools/r8/utils/O$a;)V+2
j  com.android.tools.r8.D8.run(Lcom/android/tools/r8/D8Command;Ljava/util/concurrent/ExecutorService;)V+22
j  com.android.builder.dexing.D8DexArchiveMerger.mergeDexArchives(Ljava/util/Iterator;Ljava/nio/file/Path;Ljava/nio/file/Path;Lcom/android/builder/dexing/DexingType;)V+432
j  com.android.build.gradle.internal.transforms.DexMergerTransformCallable.call()Ljava/lang/Void;+175
j  com.android.build.gradle.internal.tasks.DexMergingTaskRunnable.run()V+736
j  com.android.build.gradle.internal.tasks.Workers$ActionFacade.run()V+129
j  org.gradle.workers.internal.AdapterWorkAction.execute()V+51
j  org.gradle.workers.internal.DefaultWorkerServer.execute(Lorg/gradle/workers/internal/ActionExecutionSpec;)Lorg/gradle/workers/internal/DefaultWorkResult;+117
j  org.gradle.workers.internal.NoIsolationWorkerFactory$1$1$1.create()Lorg/gradle/workers/internal/DefaultWorkResult;+17
j  org.gradle.workers.internal.NoIsolationWorkerFactory$1$1$1.create()Ljava/lang/Object;+1
j  org.gradle.internal.classloader.ClassLoaderUtils.executeInClassloader(Ljava/lang/ClassLoader;Lorg/gradle/internal/Factory;)Ljava/lang/Object;+15
j  org.gradle.workers.internal.NoIsolationWorkerFactory$1$1.execute(Lorg/gradle/workers/internal/ActionExecutionSpec;)Lorg/gradle/workers/internal/DefaultWorkResult;+16
j  org.gradle.workers.internal.AbstractWorker$1.call(Lorg/gradle/internal/operations/BuildOperationContext;)Lorg/gradle/workers/internal/DefaultWorkResult;+8
j  org.gradle.workers.internal.AbstractWorker$1.call(Lorg/gradle/internal/operations/BuildOperationContext;)Ljava/lang/Object;+2
J 6887 C1 org.gradle.internal.operations.DefaultBuildOperationExecutor$CallableBuildOperationWorker.execute(Lorg/gradle/internal/operations/BuildOperation;Lorg/gradle/internal/operations/BuildOperationContext;)V (10 bytes) @ 0x0000000003cd546c [0x0000000003cd5200+0x26c]
J 4550 C1 org.gradle.internal.operations.DefaultBuildOperationExecutor$1.execute(Lorg/gradle/internal/operations/BuildOperationDescriptor;Lorg/gradle/internal/operations/DefaultBuildOperationExecutor$DefaultBuildOperationContext;Lorg/gradle/internal/operations/DefaultBuildOperationExecutor$BuildOperationExecutionListener;)Lorg/gradle/internal/operations/BuildOperation; (82 bytes) @ 0x0000000002b5a9f4 [0x0000000002b5a880+0x174]
J 4445 C1 org.gradle.internal.operations.DefaultBuildOperationExecutor.execute(Lorg/gradle/internal/operations/BuildOperationDescriptor$Builder;Lorg/gradle/internal/operations/DefaultBuildOperationExecutor$BuildOperationState;Lorg/gradle/internal/operations/DefaultBuildOperationExecutor$BuildOperationExecution;)Lorg/gradle/internal/operations/BuildOperation; (111 bytes) @ 0x0000000002bbf58c [0x0000000002bbe600+0xf8c]
J 6521 C1 org.gradle.internal.operations.DefaultBuildOperationExecutor.call(Lorg/gradle/internal/operations/CallableBuildOperation;)Ljava/lang/Object; (38 bytes) @ 0x0000000003bff7ec [0x0000000003bff0e0+0x70c]
J 6520 C1 org.gradle.internal.operations.DelegatingBuildOperationExecutor.call(Lorg/gradle/internal/operations/CallableBuildOperation;)Ljava/lang/Object; (11 bytes) @ 0x0000000003bfecc4 [0x0000000003bfebc0+0x104]
j  org.gradle.workers.internal.AbstractWorker.executeWrappedInBuildOperation(Lorg/gradle/workers/internal/ActionExecutionSpec;Lorg/gradle/internal/operations/BuildOperationRef;Lorg/gradle/workers/internal/AbstractWorker$Work;)Lorg/gradle/workers/internal/DefaultWorkResult;+15
j  org.gradle.workers.internal.NoIsolationWorkerFactory$1.execute(Lorg/gradle/workers/internal/ActionExecutionSpec;Lorg/gradle/internal/operations/BuildOperationRef;)Lorg/gradle/workers/internal/DefaultWorkResult;+11
j  org.gradle.workers.internal.DefaultWorkerExecutor$3.call()Lorg/gradle/workers/internal/DefaultWorkResult;+23
j  org.gradle.workers.internal.DefaultWorkerExecutor$3.call()Ljava/lang/Object;+1
J 6646 C1 java.util.concurrent.FutureTask.run()V (126 bytes) @ 0x0000000003c474cc [0x0000000003c47280+0x24c]
j  org.gradle.internal.work.DefaultConditionalExecutionQueue$ExecutionRunner.runExecution(Lorg/gradle/internal/work/ConditionalExecution;)V+6
j  org.gradle.internal.work.DefaultConditionalExecutionQueue$ExecutionRunner.runBatch(Lorg/gradle/internal/work/ConditionalExecution;)V+8
j  org.gradle.internal.work.DefaultConditionalExecutionQueue$ExecutionRunner.run()V+11
j  java.util.concurrent.Executors$RunnableAdapter.call()Ljava/lang/Object;+4
J 6646 C1 java.util.concurrent.FutureTask.run()V (126 bytes) @ 0x0000000003c474cc [0x0000000003c47280+0x24c]
J 7892 C2 org.gradle.internal.concurrent.ExecutorPolicy$CatchAndRecordFailures.onExecute(Ljava/lang/Runnable;)V (29 bytes) @ 0x0000000003f2d288 [0x0000000003f2d240+0x48]
j  org.gradle.internal.concurrent.ManagedExecutorImpl$1.run()V+25
j  java.util.concurrent.ThreadPoolExecutor.runWorker(Ljava/util/concurrent/ThreadPoolExecutor$Worker;)V+95
j  java.util.concurrent.ThreadPoolExecutor$Worker.run()V+5
j  org.gradle.internal.concurrent.ThreadFactoryImpl$ManagedThreadRunnable.run()V+7
j  java.lang.Thread.run()V+11
v  ~StubRoutines::call_stub

---------------  P R O C E S S  ---------------

Java Threads: ( => current thread )
  0x000000001a1a8000 JavaThread "ForkJoinPool-2-worker-0" daemon [_thread_blocked, id=105256, stack(0x00000000393c0000,0x00000000395c0000)]
  0x000000001a1a7800 JavaThread "ForkJoinPool-2-worker-3" daemon [_thread_blocked, id=105424, stack(0x00000000391c0000,0x00000000393c0000)]
  0x000000001a1ab000 JavaThread "ForkJoinPool-2-worker-2" daemon [_thread_blocked, id=97180, stack(0x0000000038fc0000,0x00000000391c0000)]
  0x000000001a1a5000 JavaThread "ForkJoinPool-2-worker-1" daemon [_thread_blocked, id=104860, stack(0x0000000038dc0000,0x0000000038fc0000)]
  0x0000000019ee3800 JavaThread "WorkerExecutor Queue Thread 5" [_thread_blocked, id=36096, stack(0x0000000031d00000,0x0000000031f00000)]
=>0x0000000019ee3000 JavaThread "WorkerExecutor Queue Thread 4" [_thread_in_vm, id=103760, stack(0x0000000031b00000,0x0000000031d00000)]
  0x0000000019ee6000 JavaThread "WorkerExecutor Queue Thread 3" [_thread_blocked, id=105240, stack(0x0000000031900000,0x0000000031b00000)]
  0x0000000019ede000 JavaThread "ForkJoinPool.commonPool-worker-2" daemon [_thread_blocked, id=38220, stack(0x0000000031500000,0x0000000031700000)]
  0x0000000019ee5000 JavaThread "ForkJoinPool.commonPool-worker-1" daemon [_thread_blocked, id=84752, stack(0x0000000031300000,0x0000000031500000)]
  0x0000000019ee0800 JavaThread "Cache worker for Java compile cache (F:\Projects\AndroidStudioProjects\EcommerceApp\.gradle\5.6.4\javaCompile)" [_thread_blocked, id=35940, stack(0x000000002e420000,0x000000002e620000)]
  0x0000000019ed6800 JavaThread "Cache worker for Java compile cache (C:\Users\Mu7ammed_A4raf\.gradle\caches\5.6.4\javaCompile)" [_thread_blocked, id=104732, stack(0x000000002e220000,0x000000002e420000)]
  0x0000000019ed9000 JavaThread "WorkerExecutor Queue Thread 2" [_thread_blocked, id=82588, stack(0x0000000026c80000,0x0000000026e80000)]
  0x0000000019edc800 JavaThread "stdout" [_thread_in_native, id=105368, stack(0x0000000027490000,0x0000000027690000)]
  0x0000000019eda800 JavaThread "stderr" [_thread_in_native, id=104692, stack(0x0000000027290000,0x0000000027490000)]
  0x0000000019ed8000 JavaThread "pool-2-thread-1" [_thread_blocked, id=105336, stack(0x0000000027090000,0x0000000027290000)]
  0x0000000019edc000 JavaThread "WorkerExecutor Queue" [_thread_blocked, id=104676, stack(0x0000000026e90000,0x0000000027090000)]
  0x000000001b17d000 JavaThread "Cache worker for execution history cache (F:\Projects\AndroidStudioProjects\EcommerceApp\.gradle\5.6.4\executionHistory)" [_thread_blocked, id=105324, stack(0x0000000026880000,0x0000000026a80000)]
  0x000000001b17c000 JavaThread "Execution worker for ':' Thread 3" [_thread_blocked, id=104660, stack(0x0000000026680000,0x0000000026880000)]
  0x000000001b17f000 JavaThread "Execution worker for ':' Thread 2" [_thread_blocked, id=104972, stack(0x0000000026480000,0x0000000026680000)]
  0x000000001b174800 JavaThread "Execution worker for ':'" [_thread_blocked, id=104704, stack(0x0000000026280000,0x0000000026480000)]
  0x000000001b17b800 JavaThread "Cache worker for file content cache (F:\Projects\AndroidStudioProjects\EcommerceApp\.gradle\5.6.4\fileContent)" [_thread_blocked, id=104740, stack(0x0000000025c80000,0x0000000025e80000)]
  0x000000001b17a800 JavaThread "Cache worker for file content cache (C:\Users\Mu7ammed_A4raf\.gradle\caches\5.6.4\fileContent)" [_thread_blocked, id=104220, stack(0x0000000025a80000,0x0000000025c80000)]
  0x000000001b17a000 JavaThread "Memory manager" [_thread_blocked, id=90136, stack(0x0000000025880000,0x0000000025a80000)]
  0x000000001b171800 JavaThread "Cache worker for Build Output Cleanup Cache (F:\Projects\AndroidStudioProjects\EcommerceApp\.gradle\buildOutputCleanup)" [_thread_blocked, id=105008, stack(0x0000000024b60000,0x0000000024d60000)]
  0x000000001b175800 JavaThread "pool-1-thread-1" [_thread_blocked, id=105436, stack(0x0000000024520000,0x0000000024720000)]
  0x000000001b177800 JavaThread "Build operations Thread 4" [_thread_blocked, id=96624, stack(0x0000000023f20000,0x0000000024120000)]
  0x000000001b178800 JavaThread "Build operations Thread 3" [_thread_blocked, id=104652, stack(0x0000000023d20000,0x0000000023f20000)]
  0x000000001b173000 JavaThread "Build operations Thread 2" [_thread_blocked, id=105172, stack(0x0000000023b20000,0x0000000023d20000)]
  0x000000001b172800 JavaThread "Build operations" [_thread_blocked, id=105284, stack(0x0000000023920000,0x0000000023b20000)]
  0x000000001b177000 JavaThread "Cache worker for execution history cache (C:\Users\Mu7ammed_A4raf\.gradle\caches\5.6.4\executionHistory)" [_thread_blocked, id=105144, stack(0x0000000023520000,0x0000000023720000)]
  0x000000001b171000 JavaThread "Cache worker for cache directory md-rule (C:\Users\Mu7ammed_A4raf\.gradle\caches\5.6.4\md-rule)" [_thread_blocked, id=95784, stack(0x0000000023320000,0x0000000023520000)]
  0x000000001a41b800 JavaThread "Cache worker for cache directory md-supplier (C:\Users\Mu7ammed_A4raf\.gradle\caches\5.6.4\md-supplier)" [_thread_blocked, id=103784, stack(0x0000000023120000,0x0000000023320000)]
  0x000000001a418800 JavaThread "Cache worker for file hash cache (F:\Projects\AndroidStudioProjects\EcommerceApp\.gradle\5.6.4\fileHashes)" [_thread_blocked, id=94228, stack(0x0000000020000000,0x0000000020200000)]
  0x000000001a41f800 JavaThread "Cache worker for journal cache (C:\Users\Mu7ammed_A4raf\.gradle\caches\journal-1)" [_thread_blocked, id=104916, stack(0x000000001dc60000,0x000000001de60000)]
  0x000000001a41a000 JavaThread "File lock request listener" [_thread_in_native, id=104912, stack(0x000000001da60000,0x000000001dc60000)]
  0x00000000190fd000 JavaThread "Cache worker for file hash cache (C:\Users\Mu7ammed_A4raf\.gradle\caches\5.6.4\fileHashes)" [_thread_blocked, id=68656, stack(0x000000001d860000,0x000000001da60000)]
  0x000000001ac7e000 JavaThread "Thread-9" [_thread_blocked, id=104888, stack(0x000000001d460000,0x000000001d660000)]
  0x000000001abc8800 JavaThread "Stdin handler" [_thread_blocked, id=104880, stack(0x000000001d130000,0x000000001d330000)]
  0x000000001abc5800 JavaThread "Asynchronous log dispatcher for DefaultDaemonConnection: socket connection from /127.0.0.1:35993 to /127.0.0.1:35994" [_thread_blocked, id=104828, stack(0x000000001cf30000,0x000000001d130000)]
  0x000000001ab2f800 JavaThread "Daemon worker" [_thread_blocked, id=105064, stack(0x000000001cd30000,0x000000001cf30000)]
  0x000000001ab65800 JavaThread "Cancel handler" [_thread_blocked, id=102032, stack(0x000000001ca20000,0x000000001cc20000)]
  0x000000001abcb800 JavaThread "Handler for socket connection from /127.0.0.1:35993 to /127.0.0.1:35994" [_thread_in_native, id=104748, stack(0x000000001c620000,0x000000001c820000)]
  0x000000001abca800 JavaThread "Daemon" [_thread_blocked, id=104632, stack(0x000000001c420000,0x000000001c620000)]
  0x000000001ac20800 JavaThread "Daemon periodic checks" [_thread_blocked, id=102852, stack(0x000000001c220000,0x000000001c420000)]
  0x000000001aa8e800 JavaThread "Incoming local TCP Connector on port 35993" [_thread_in_native, id=64020, stack(0x000000001bf40000,0x000000001c140000)]
  0x000000001891f000 JavaThread "Daemon health stats" [_thread_blocked, id=104864, stack(0x000000001b800000,0x000000001ba00000)]
  0x0000000018888800 JavaThread "Service Thread" daemon [_thread_blocked, id=25192, stack(0x0000000018c60000,0x0000000018e60000)]
  0x0000000016729000 JavaThread "C1 CompilerThread2" daemon [_thread_blocked, id=103860, stack(0x0000000018660000,0x0000000018860000)]
  0x0000000016720800 JavaThread "C2 CompilerThread1" daemon [_thread_in_vm, id=105104, stack(0x0000000018460000,0x0000000018660000)]
  0x000000001671d000 JavaThread "C2 CompilerThread0" daemon [_thread_blocked, id=104884, stack(0x0000000018260000,0x0000000018460000)]
  0x000000001671b800 JavaThread "Attach Listener" daemon [_thread_blocked, id=105180, stack(0x0000000018060000,0x0000000018260000)]
  0x000000001671a800 JavaThread "Signal Dispatcher" daemon [_thread_blocked, id=96020, stack(0x0000000017e60000,0x0000000018060000)]
  0x00000000026fd000 JavaThread "Finalizer" daemon [_thread_blocked, id=104944, stack(0x0000000017b80000,0x0000000017d80000)]
  0x0000000016709000 JavaThread "Reference Handler" daemon [_thread_blocked, id=104956, stack(0x0000000017980000,0x0000000017b80000)]
  0x0000000000c9e800 JavaThread "main" [_thread_blocked, id=105332, stack(0x00000000027b0000,0x00000000029b0000)]

Other Threads:
  0x00000000166e7800 VMThread [stack: 0x0000000017780000,0x0000000017980000] [id=105444]
  0x000000001677e000 WatcherThread [stack: 0x0000000018e60000,0x0000000019060000] [id=63192]

VM state:not at safepoint (normal execution)

VM Mutex/Monitor currently owned by a thread:  ([mutex/lock_event])
[0x0000000002601150] Compile_lock - owner thread: 0x0000000016720800
[0x00000000026014d0] MethodCompileQueue_lock - owner thread: 0x000000001671d000

heap address: 0x00000000a0000000, size: 1536 MB, Compressed Oops mode: 32-bit
Narrow klass base: 0x0000000000000000, Narrow klass shift: 3
Compressed class space size: 1073741824 Address: 0x0000000100000000

Heap:
 PSYoungGen      total 276480K, used 230266K [0x00000000e0000000, 0x00000000f6100000, 0x0000000100000000)
  eden space 203264K, 90% used [0x00000000e0000000,0x00000000eb3d9900,0x00000000ec680000)
  from space 73216K, 62% used [0x00000000f1080000,0x00000000f3d84fc8,0x00000000f5800000)
  to   space 75776K, 0% used [0x00000000ec680000,0x00000000ec680000,0x00000000f1080000)
 ParOldGen       total 334848K, used 151745K [0x00000000a0000000, 0x00000000b4700000, 0x00000000e0000000)
  object space 334848K, 45% used [0x00000000a0000000,0x00000000a9430688,0x00000000b4700000)
 Metaspace       used 90633K, capacity 93752K, committed 93912K, reserved 1130496K
  class space    used 12050K, capacity 12728K, committed 12760K, reserved 1048576K

Card table byte_map: [0x0000000011d70000,0x0000000012080000] byte_map_base: 0x0000000011870000

Marking Bits: (ParMarkBitMap*) 0x00000000562d9f30
 Begin Bits: [0x0000000012a80000, 0x0000000014280000)
 End Bits:   [0x0000000014280000, 0x0000000015a80000)

Polling page: 0x0000000000310000

CodeCache: size=245760Kb used=37338Kb max_used=37350Kb free=208421Kb
 bounds [0x00000000029b0000, 0x0000000004e60000, 0x00000000119b0000]
 total_blobs=12592 nmethods=11705 adapters=797
 compilation: enabled

Compilation events (10 events):
Event: 42.227 Thread 0x0000000016729000 13854       3       com.android.tools.r8.graph.T::a (91 bytes)
Event: 42.228 Thread 0x0000000016729000 nmethod 13854 0x0000000004e3a5d0 code [0x0000000004e3a7a0, 0x0000000004e3b028]
Event: 42.252 Thread 0x0000000016720800 nmethod 13843 0x0000000004e3fc10 code [0x0000000004e3fde0, 0x0000000004e40ef8]
Event: 42.252 Thread 0x0000000016720800 13857 %     4       java.util.TimSort::mergeLo @ 153 (659 bytes)
Event: 42.273 Thread 0x0000000016720800 nmethod 13857% 0x0000000004e41c50 code [0x0000000004e41e00, 0x0000000004e42f18]
Event: 42.273 Thread 0x0000000016720800 13859 %     4       java.util.TimSort::mergeHi @ 191 (732 bytes)
Event: 42.287 Thread 0x0000000016729000 13861       3       com.android.tools.r8.graph.f0::a (105 bytes)
Event: 42.287 Thread 0x0000000016729000 nmethod 13861 0x0000000004e39a50 code [0x0000000004e39c00, 0x0000000004e3a2b8]
Event: 42.294 Thread 0x0000000016720800 nmethod 13859% 0x0000000004e46550 code [0x0000000004e46700, 0x0000000004e47c78]
Event: 42.294 Thread 0x0000000016720800 13862       4       java.util.TimSort::mergeLo (659 bytes)

GC Heap History (10 events):
Event: 33.272 GC heap before
{Heap before GC invocations=18 (full 3):
 PSYoungGen      total 182784K, used 179818K [0x00000000e0000000, 0x00000000ece80000, 0x0000000100000000)
  eden space 160768K, 100% used [0x00000000e0000000,0x00000000e9d00000,0x00000000e9d00000)
  from space 22016K, 86% used [0x00000000eb480000,0x00000000ec71aa48,0x00000000eca00000)
  to   space 24064K, 0% used [0x00000000e9d00000,0x00000000e9d00000,0x00000000eb480000)
 ParOldGen       total 152064K, used 37547K [0x00000000a0000000, 0x00000000a9480000, 0x00000000e0000000)
  object space 152064K, 24% used [0x00000000a0000000,0x00000000a24aae70,0x00000000a9480000)
 Metaspace       used 66837K, capacity 69104K, committed 69336K, reserved 1110016K
  class space    used 9081K, capacity 9628K, committed 9688K, reserved 1048576K
Event: 33.310 GC heap after
Heap after GC invocations=18 (full 3):
 PSYoungGen      total 184832K, used 24044K [0x00000000e0000000, 0x00000000ef480000, 0x0000000100000000)
  eden space 160768K, 0% used [0x00000000e0000000,0x00000000e0000000,0x00000000e9d00000)
  from space 24064K, 99% used [0x00000000e9d00000,0x00000000eb47b1f8,0x00000000eb480000)
  to   space 31232K, 0% used [0x00000000ed600000,0x00000000ed600000,0x00000000ef480000)
 ParOldGen       total 152064K, used 47754K [0x00000000a0000000, 0x00000000a9480000, 0x00000000e0000000)
  object space 152064K, 31% used [0x00000000a0000000,0x00000000a2ea2a18,0x00000000a9480000)
 Metaspace       used 66837K, capacity 69104K, committed 69336K, reserved 1110016K
  class space    used 9081K, capacity 9628K, committed 9688K, reserved 1048576K
}
Event: 35.138 GC heap before
{Heap before GC invocations=19 (full 3):
 PSYoungGen      total 184832K, used 184812K [0x00000000e0000000, 0x00000000ef480000, 0x0000000100000000)
  eden space 160768K, 100% used [0x00000000e0000000,0x00000000e9d00000,0x00000000e9d00000)
  from space 24064K, 99% used [0x00000000e9d00000,0x00000000eb47b1f8,0x00000000eb480000)
  to   space 31232K, 0% used [0x00000000ed600000,0x00000000ed600000,0x00000000ef480000)
 ParOldGen       total 152064K, used 47754K [0x00000000a0000000, 0x00000000a9480000, 0x00000000e0000000)
  object space 152064K, 31% used [0x00000000a0000000,0x00000000a2ea2a18,0x00000000a9480000)
 Metaspace       used 73538K, capacity 75936K, committed 75992K, reserved 1114112K
  class space    used 9857K, capacity 10452K, committed 10456K, reserved 1048576K
Event: 35.194 GC heap after
Heap after GC invocations=19 (full 3):
 PSYoungGen      total 207360K, used 31212K [0x00000000e0000000, 0x00000000f1000000, 0x0000000100000000)
  eden space 176128K, 0% used [0x00000000e0000000,0x00000000e0000000,0x00000000eac00000)
  from space 31232K, 99% used [0x00000000ed600000,0x00000000ef47b2b0,0x00000000ef480000)
  to   space 43008K, 0% used [0x00000000eac00000,0x00000000eac00000,0x00000000ed600000)
 ParOldGen       total 152064K, used 67492K [0x00000000a0000000, 0x00000000a9480000, 0x00000000e0000000)
  object space 152064K, 44% used [0x00000000a0000000,0x00000000a41e91d8,0x00000000a9480000)
 Metaspace       used 73538K, capacity 75936K, committed 75992K, reserved 1114112K
  class space    used 9857K, capacity 10452K, committed 10456K, reserved 1048576K
}
Event: 37.477 GC heap before
{Heap before GC invocations=20 (full 3):
 PSYoungGen      total 207360K, used 207340K [0x00000000e0000000, 0x00000000f1000000, 0x0000000100000000)
  eden space 176128K, 100% used [0x00000000e0000000,0x00000000eac00000,0x00000000eac00000)
  from space 31232K, 99% used [0x00000000ed600000,0x00000000ef47b2b0,0x00000000ef480000)
  to   space 43008K, 0% used [0x00000000eac00000,0x00000000eac00000,0x00000000ed600000)
 ParOldGen       total 152064K, used 67492K [0x00000000a0000000, 0x00000000a9480000, 0x00000000e0000000)
  object space 152064K, 44% used [0x00000000a0000000,0x00000000a41e91d8,0x00000000a9480000)
 Metaspace       used 80892K, capacity 83358K, committed 83800K, reserved 1122304K
  class space    used 10668K, capacity 11247K, committed 11352K, reserved 1048576K
Event: 37.595 GC heap after
Heap after GC invocations=20 (full 3):
 PSYoungGen      total 219136K, used 42979K [0x00000000e0000000, 0x00000000f5800000, 0x0000000100000000)
  eden space 176128K, 0% used [0x00000000e0000000,0x00000000e0000000,0x00000000eac00000)
  from space 43008K, 99% used [0x00000000eac00000,0x00000000ed5f8d18,0x00000000ed600000)
  to   space 73216K, 0% used [0x00000000f1080000,0x00000000f1080000,0x00000000f5800000)
 ParOldGen       total 152064K, used 129871K [0x00000000a0000000, 0x00000000a9480000, 0x00000000e0000000)
  object space 152064K, 85% used [0x00000000a0000000,0x00000000a7ed3e70,0x00000000a9480000)
 Metaspace       used 80892K, capacity 83358K, committed 83800K, reserved 1122304K
  class space    used 10668K, capacity 11247K, committed 11352K, reserved 1048576K
}
Event: 37.595 GC heap before
{Heap before GC invocations=21 (full 4):
 PSYoungGen      total 219136K, used 42979K [0x00000000e0000000, 0x00000000f5800000, 0x0000000100000000)
  eden space 176128K, 0% used [0x00000000e0000000,0x00000000e0000000,0x00000000eac00000)
  from space 43008K, 99% used [0x00000000eac00000,0x00000000ed5f8d18,0x00000000ed600000)
  to   space 73216K, 0% used [0x00000000f1080000,0x00000000f1080000,0x00000000f5800000)
 ParOldGen       total 152064K, used 129871K [0x00000000a0000000, 0x00000000a9480000, 0x00000000e0000000)
  object space 152064K, 85% used [0x00000000a0000000,0x00000000a7ed3e70,0x00000000a9480000)
 Metaspace       used 80892K, capacity 83358K, committed 83800K, reserved 1122304K
  class space    used 10668K, capacity 11247K, committed 11352K, reserved 1048576K
Event: 38.429 GC heap after
Heap after GC invocations=21 (full 4):
 PSYoungGen      total 219136K, used 6048K [0x00000000e0000000, 0x00000000f5800000, 0x0000000100000000)
  eden space 176128K, 0% used [0x00000000e0000000,0x00000000e0000000,0x00000000eac00000)
  from space 43008K, 14% used [0x00000000eac00000,0x00000000eb1e8030,0x00000000ed600000)
  to   space 73216K, 0% used [0x00000000f1080000,0x00000000f1080000,0x00000000f5800000)
 ParOldGen       total 334848K, used 151705K [0x00000000a0000000, 0x00000000b4700000, 0x00000000e0000000)
  object space 334848K, 45% used [0x00000000a0000000,0x00000000a9426648,0x00000000b4700000)
 Metaspace       used 80862K, capacity 83276K, committed 83800K, reserved 1122304K
  class space    used 10657K, capacity 11228K, committed 11352K, reserved 1048576K
}
Event: 38.987 GC heap before
{Heap before GC invocations=22 (full 4):
 PSYoungGen      total 219136K, used 182176K [0x00000000e0000000, 0x00000000f5800000, 0x0000000100000000)
  eden space 176128K, 100% used [0x00000000e0000000,0x00000000eac00000,0x00000000eac00000)
  from space 43008K, 14% used [0x00000000eac00000,0x00000000eb1e8030,0x00000000ed600000)
  to   space 73216K, 0% used [0x00000000f1080000,0x00000000f1080000,0x00000000f5800000)
 ParOldGen       total 334848K, used 151705K [0x00000000a0000000, 0x00000000b4700000, 0x00000000e0000000)
  object space 334848K, 45% used [0x00000000a0000000,0x00000000a9426648,0x00000000b4700000)
 Metaspace       used 80946K, capacity 83340K, committed 83800K, reserved 1122304K
  class space    used 10658K, capacity 11228K, committed 11352K, reserved 1048576K
Event: 39.067 GC heap after
Heap after GC invocations=22 (full 4):
 PSYoungGen      total 276480K, used 46099K [0x00000000e0000000, 0x00000000f6100000, 0x0000000100000000)
  eden space 203264K, 0% used [0x00000000e0000000,0x00000000e0000000,0x00000000ec680000)
  from space 73216K, 62% used [0x00000000f1080000,0x00000000f3d84fc8,0x00000000f5800000)
  to   space 75776K, 0% used [0x00000000ec680000,0x00000000ec680000,0x00000000f1080000)
 ParOldGen       total 334848K, used 151745K [0x00000000a0000000, 0x00000000b4700000, 0x00000000e0000000)
  object space 334848K, 45% used [0x00000000a0000000,0x00000000a9430688,0x00000000b4700000)
 Metaspace       used 80946K, capacity 83340K, committed 83800K, reserved 1122304K
  class space    used 10658K, capacity 11228K, committed 11352K, reserved 1048576K
}

Deoptimization events (10 events):
Event: 41.557 Thread 0x000000001b17f000 Uncommon trap: reason=unstable_if action=reinterpret pc=0x00000000033abef0 method=java.lang.AbstractStringBuilder.append(I)Ljava/lang/AbstractStringBuilder; @ 16
Event: 41.559 Thread 0x000000001b17f000 Uncommon trap: reason=array_check action=maybe_recompile pc=0x00000000045c87ac method=java.util.TimSort.binarySort([Ljava/lang/Object;IIILjava/util/Comparator;)V @ 215
Event: 41.603 Thread 0x0000000019ee3000 Uncommon trap: reason=class_check action=maybe_recompile pc=0x0000000002daaef0 method=java.util.Spliterators$1Adapter.hasNext()Z @ 12
Event: 41.604 Thread 0x0000000019ee3000 Uncommon trap: reason=class_check action=maybe_recompile pc=0x0000000002daaef0 method=java.util.Spliterators$1Adapter.hasNext()Z @ 12
Event: 41.659 Thread 0x000000001ab2f800 Uncommon trap: reason=unstable_if action=reinterpret pc=0x0000000004b15b94 method=java.util.concurrent.locks.AbstractQueuedSynchronizer.hasQueuedPredecessors()Z @ 21
Event: 41.685 Thread 0x0000000019ee3000 Uncommon trap: reason=unstable_if action=reinterpret pc=0x0000000002cc4614 method=java.nio.Bits.getShort(Ljava/nio/ByteBuffer;IZ)S @ 1
Event: 41.846 Thread 0x000000001b174800 Uncommon trap: reason=unstable_if action=reinterpret pc=0x000000000408df74 method=java.util.Properties$LineReader.readLine()I @ 385
Event: 41.936 Thread 0x000000001a1a8000 Uncommon trap: reason=unstable_if action=reinterpret pc=0x00000000033896f0 method=java.util.Arrays.hashCode([Ljava/lang/Object;)I @ 1
Event: 41.936 Thread 0x000000001a1a7800 Uncommon trap: reason=unstable_if action=reinterpret pc=0x00000000033896f0 method=java.util.Arrays.hashCode([Ljava/lang/Object;)I @ 1
Event: 42.292 Thread 0x0000000019ee3000 Uncommon trap: reason=class_check action=maybe_recompile pc=0x0000000004e127ec method=com.android.tools.r8.graph.U.a([Lcom/android/tools/r8/graph/U;Ljava/util/function/Consumer;)V @ 27

Classes redefined (0 events):
No events

Internal exceptions (10 events):
Event: 40.818 Thread 0x0000000019ed9000 Exception <a 'java/lang/NoSuchMethodError': java.lang.Object.lambda$identity$2(Ljava/lang/Object;)Ljava/lang/Object;> (0x00000000e6682470) thrown at [D:\src\AOSP-openjdk-cygwin\jdk8u\hotspot\src\share\vm\interpreter\linkResolver.cpp, line 620]
Event: 41.232 Thread 0x0000000019ed9000 Exception <a 'java/lang/NoSuchMethodError': java.lang.Object.lambda$maxBy$1(Ljava/util/Comparator;Ljava/lang/Object;Ljava/lang/Object;)Ljava/lang/Object;> (0x00000000e738ad38) thrown at [D:\src\AOSP-openjdk-cygwin\jdk8u\hotspot\src\share\vm\interpreter\li
Event: 41.533 Thread 0x0000000019ed9000 Exception <a 'sun/nio/fs/WindowsException'> (0x00000000e7db75c0) thrown at [D:\src\AOSP-openjdk-cygwin\jdk8u\hotspot\src\share\vm\prims\jni.cpp, line 710]
Event: 41.537 Thread 0x0000000019ed9000 Exception <a 'sun/nio/fs/WindowsException'> (0x00000000e7dcbfe0) thrown at [D:\src\AOSP-openjdk-cygwin\jdk8u\hotspot\src\share\vm\prims\jni.cpp, line 710]
Event: 41.559 Thread 0x000000001b17f000 Exception <a 'java/lang/NoSuchMethodError': <clinit>> (0x00000000e7f123f8) thrown at [D:\src\AOSP-openjdk-cygwin\jdk8u\hotspot\src\share\vm\prims\jni.cpp, line 1614]
Event: 41.659 Thread 0x000000001ab2f800 Implicit null exception at 0x0000000004b14f0c to 0x0000000004b15b71
Event: 41.674 Thread 0x0000000019ee3000 Exception <a 'sun/nio/fs/WindowsException'> (0x00000000e8c03438) thrown at [D:\src\AOSP-openjdk-cygwin\jdk8u\hotspot\src\share\vm\prims\jni.cpp, line 710]
Event: 41.837 Thread 0x000000001b174800 Exception <a 'java/io/FileNotFoundException'> (0x00000000e9d3d2f8) thrown at [D:\src\AOSP-openjdk-cygwin\jdk8u\hotspot\src\share\vm\prims\jni.cpp, line 710]
Event: 41.936 Thread 0x000000001a1a8000 Implicit null exception at 0x00000000033895ef to 0x00000000033896e1
Event: 41.936 Thread 0x000000001a1a7800 Implicit null exception at 0x00000000033895ef to 0x00000000033896e1

Events (10 events):
Event: 42.092 loading class com/android/tools/r8/s/a/a/b/G0 done
Event: 42.092 loading class com/android/tools/r8/s/a/a/b/O0
Event: 42.092 loading class com/android/tools/r8/s/a/a/b/O0 done
Event: 42.092 loading class com/android/tools/r8/s/a/a/b/K0
Event: 42.092 loading class com/android/tools/r8/s/a/a/b/K0 done
Event: 42.290 Thread 0x0000000019ee3000 DEOPT PACKING pc=0x00000000044cdbbe sp=0x0000000031cfe040
Event: 42.290 Thread 0x0000000019ee3000 DEOPT UNPACKING pc=0x00000000029f75d0 sp=0x0000000031cfddb0 mode 0
Event: 42.292 Thread 0x0000000019ee3000 Uncommon trap: trap_request=0xffffffde fr.pc=0x0000000004e127ec
Event: 42.292 Thread 0x0000000019ee3000 DEOPT PACKING pc=0x0000000004e127ec sp=0x0000000031cfe180
Event: 42.292 Thread 0x0000000019ee3000 DEOPT UNPACKING pc=0x00000000029f557b sp=0x0000000031cfe118 mode 2


Dynamic libraries:
0x0000000140000000 - 0x00000001402b9000 	C:\Program Files\Android\Android Studio\jre\bin\java.exe
0x00007ffb2ca60000 - 0x00007ffb2cc22000 	C:\Windows\SYSTEM32\ntdll.dll
0x00007ffb2bc00000 - 0x00007ffb2bcad000 	C:\Windows\system32\KERNEL32.DLL
0x00007ffb29f50000 - 0x00007ffb2a12d000 	C:\Windows\system32\KERNELBASE.dll
0x00007ffb2bb50000 - 0x00007ffb2bbf6000 	C:\Windows\system32\ADVAPI32.dll
0x00007ffb2c340000 - 0x00007ffb2c3dd000 	C:\Windows\system32\msvcrt.dll
0x00007ffb2c990000 - 0x00007ffb2c9eb000 	C:\Windows\system32\sechost.dll
0x00007ffb2a1f0000 - 0x00007ffb2a316000 	C:\Windows\system32\RPCRT4.dll
0x00007ffb2c1f0000 - 0x00007ffb2c33e000 	C:\Windows\system32\USER32.dll
0x00007ffb2c480000 - 0x00007ffb2c605000 	C:\Windows\system32\GDI32.dll
0x00007ffb19c90000 - 0x00007ffb19f04000 	C:\Windows\WinSxS\amd64_microsoft.windows.common-controls_6595b64144ccf1df_6.0.10240.16384_none_f41f7b285750ef43\COMCTL32.dll
0x00007ffb2c3e0000 - 0x00007ffb2c416000 	C:\Windows\system32\IMM32.DLL
0x00007ffb2c090000 - 0x00007ffb2c1ec000 	C:\Windows\system32\MSCTF.dll
0x0000000055a30000 - 0x0000000055b02000 	C:\Program Files\Android\Android Studio\jre\jre\bin\msvcr100.dll
0x0000000055b10000 - 0x0000000056356000 	C:\Program Files\Android\Android Studio\jre\jre\bin\server\jvm.dll
0x00007ffb2bda0000 - 0x00007ffb2bda8000 	C:\Windows\system32\PSAPI.DLL
0x00007ffb1c3b0000 - 0x00007ffb1c3d3000 	C:\Windows\SYSTEM32\WINMM.dll
0x00007ffb1cbf0000 - 0x00007ffb1cbfa000 	C:\Windows\SYSTEM32\VERSION.dll
0x00007ffb1abe0000 - 0x00007ffb1abe9000 	C:\Windows\SYSTEM32\WSOCK32.dll
0x00007ffb2b910000 - 0x00007ffb2b979000 	C:\Windows\system32\WS2_32.dll
0x00007ffb2bcb0000 - 0x00007ffb2bcb8000 	C:\Windows\system32\NSI.dll
0x00007ffb1c380000 - 0x00007ffb1c3ac000 	C:\Windows\SYSTEM32\WINMMBASE.dll
0x00007ffb29d30000 - 0x00007ffb29d74000 	C:\Windows\system32\cfgmgr32.dll
0x00007ffb27e00000 - 0x00007ffb27e27000 	C:\Windows\SYSTEM32\DEVOBJ.dll
0x00007ffb228e0000 - 0x00007ffb228ef000 	C:\Program Files\Android\Android Studio\jre\jre\bin\verify.dll
0x00007ffb14fa0000 - 0x00007ffb14fc9000 	C:\Program Files\Android\Android Studio\jre\jre\bin\java.dll
0x00007ffb22600000 - 0x00007ffb22616000 	C:\Program Files\Android\Android Studio\jre\jre\bin\zip.dll
0x00007ffb2a320000 - 0x00007ffb2b845000 	C:\Windows\system32\SHELL32.dll
0x00007ffb295e0000 - 0x00007ffb29c08000 	C:\Windows\system32\windows.storage.dll
0x00007ffb2bdb0000 - 0x00007ffb2c02c000 	C:\Windows\system32\combase.dll
0x00007ffb2c610000 - 0x00007ffb2c661000 	C:\Windows\system32\shlwapi.dll
0x00007ffb294b0000 - 0x00007ffb294bf000 	C:\Windows\system32\kernel.appcore.dll
0x00007ffb29c70000 - 0x00007ffb29d23000 	C:\Windows\system32\shcore.dll
0x00007ffb294e0000 - 0x00007ffb2952a000 	C:\Windows\system32\powrprof.dll
0x00007ffb29490000 - 0x00007ffb294a3000 	C:\Windows\system32\profapi.dll
0x00007ffb21f10000 - 0x00007ffb21f2a000 	C:\Program Files\Android\Android Studio\jre\jre\bin\net.dll
0x00007ffb1c900000 - 0x00007ffb1ca97000 	C:\Windows\SYSTEM32\urlmon.dll
0x00007ffb1f9b0000 - 0x00007ffb1fd26000 	C:\Windows\SYSTEM32\iertutil.dll
0x00007ffb28ed0000 - 0x00007ffb28edb000 	C:\Windows\SYSTEM32\CRYPTBASE.dll
0x00007ffb292e0000 - 0x00007ffb2934b000 	C:\Windows\SYSTEM32\bcryptPrimitives.dll
0x00007ffb28d00000 - 0x00007ffb28d5d000 	C:\Windows\system32\mswsock.dll
0x00007ffb15e90000 - 0x00007ffb15ea3000 	C:\Program Files\Android\Android Studio\jre\jre\bin\nio.dll
0x00007ffb15700000 - 0x00007ffb15726000 	C:\Users\Mu7ammed_A4raf\.gradle\native\30\windows-amd64\native-platform.dll
0x00007ffb22230000 - 0x00007ffb2223d000 	C:\Program Files\Android\Android Studio\jre\jre\bin\management.dll
0x00007ffb28d60000 - 0x00007ffb28d77000 	C:\Windows\SYSTEM32\CRYPTSP.dll
0x00007ffb28fd0000 - 0x00007ffb28ff8000 	C:\Windows\SYSTEM32\bcrypt.dll
0x00007ffb289b0000 - 0x00007ffb289e3000 	C:\Windows\system32\rsaenh.dll
0x00007ffb28aa0000 - 0x00007ffb28abf000 	C:\Windows\SYSTEM32\USERENV.dll
0x00007ffb26c80000 - 0x00007ffb26cb8000 	C:\Windows\SYSTEM32\IPHLPAPI.DLL
0x00007ffb26c60000 - 0x00007ffb26c6b000 	C:\Windows\SYSTEM32\WINNSI.DLL
0x00007ffb267e0000 - 0x00007ffb267f6000 	C:\Windows\SYSTEM32\dhcpcsvc6.DLL
0x00007ffb26780000 - 0x00007ffb2679a000 	C:\Windows\SYSTEM32\dhcpcsvc.DLL
0x00007ffb29d80000 - 0x00007ffb29f41000 	C:\Windows\system32\crypt32.dll
0x00007ffb294c0000 - 0x00007ffb294d1000 	C:\Windows\system32\MSASN1.dll
0x00007ffb2b850000 - 0x00007ffb2b90e000 	C:\Windows\system32\oleaut32.dll
0x00007ffb2c820000 - 0x00007ffb2c961000 	C:\Windows\system32\ole32.dll
0x0000000180000000 - 0x0000000180003000 	C:\Windows\SYSTEM32\sfc.dll
0x00007ffb1d650000 - 0x00007ffb1d661000 	C:\Windows\SYSTEM32\sfc_os.DLL
0x00007ffb22860000 - 0x00007ffb22869000 	C:\Windows\SYSTEM32\pstorec.dll
0x00007ffb290e0000 - 0x00007ffb2910c000 	C:\Windows\SYSTEM32\SspiCli.dll
0x00007ffb27d60000 - 0x00007ffb27df6000 	C:\Windows\system32\uxtheme.dll
0x00007ffb27160000 - 0x00007ffb27182000 	C:\Windows\system32\dwmapi.dll
0x00007ffb1ee90000 - 0x00007ffb1f01a000 	C:\Windows\SYSTEM32\dbghelp.dll

VM Arguments:
jvm_args: -Xmx1536m -Dfile.encoding=windows-1252 -Duser.country=US -Duser.language=en -Duser.variant 
java_command: org.gradle.launcher.daemon.bootstrap.GradleDaemon 5.6.4
java_class_path (initial): C:\Users\Mu7ammed_A4raf\.gradle\wrapper\dists\gradle-5.6.4-all\ankdp27end7byghfw1q2sw75f\gradle-5.6.4\lib\gradle-launcher-5.6.4.jar
Launcher Type: SUN_STANDARD

Environment Variables:
PATH=C:\oraclexe\app\oracle\product\10.2.0\server\bin;C:\ProgramData\Oracle\Java\javapath;C:\Windows\system32;C:\Windows;C:\Windows\System32\Wbem;C:\Windows\System32\WindowsPowerShell\v1.0\;C:\Program Files (x86)\AMD\ATI.ACE\Core-Static;C:\Program Files\Intel\WiFi\bin\;C:\Program Files\Common Files\Intel\WirelessCommon\;C:\Program Files (x86)\Windows Kits\8.1\Windows Performance Toolkit\;C:\Program Files\Microsoft SQL Server\110\Tools\Binn\;C:\Program Files (x86)\Common Files\lenovo\easyplussdk\bin;C:\Program Files\MATLAB\R2010a\runtime\win64;C:\Program Files\MATLAB\R2010a\bin;C:\Program Files (x86)\GtkSharp\2.12\bin;C:\Program Files\Git\cmd;C:\Users\Mu7ammed_A4raf\AppData\Local\Programs\Python\Python36-32\Scripts\;C:\Users\Mu7ammed_A4raf\AppData\Local\Programs\Python\Python36-32\;C:\Program Files\Intel\WiFi\bin\;C:\Program Files\Common Files\Intel\WirelessCommon\;C:\Program Files\Microsoft VS Code\bin
USERNAME=Mu7ammed_A4raf
OS=Windows_NT
PROCESSOR_IDENTIFIER=Intel64 Family 6 Model 61 Stepping 4, GenuineIntel



---------------  S Y S T E M  ---------------

OS: Windows 10.0 , 64 bit Build 10240 (10.0.10240.16384)

CPU:total 4 (initial active 4) (2 cores per cpu, 2 threads per core) family 6 model 61 stepping 4, cmov, cx8, fxsr, mmx, sse, sse2, sse3, ssse3, sse4.1, sse4.2, popcnt, avx, avx2, aes, clmul, erms, 3dnowpref, lzcnt, ht, tsc, tscinvbit, bmi1, bmi2, adx

Memory: 4k page, physical 8305600k(1778288k free), swap 15586968k(7324220k free)

vm_info: OpenJDK 64-Bit Server VM (25.212-b04) for windows-amd64 JRE (1.8.0_212-release-1586-b04), built by "builder" with MS VC++ 10.0 (VS2010)

time: Wed Jun 10 10:30:37 2020
timezone: Egypt Standard Time
elapsed time: 42 seconds (0d 0h 0m 42s)

